2026-06-08 21:42:16.829 | Battle of Windy Day Hair Crisis | card_e2e | battle_windy_day_hair_crisis_2026-06-08_21-42-16_829.txt
2026-06-08 21:45:14.317 | Battle of Terms and Conditions Marathon | card_e2e | battle_terms_and_conditions_marathon_2026-06-08_21-45-14_317.txt
2026-06-08 21:48:18.094 | Battle of Junk Drawer Charger Hunt | card_e2e | battle_junk_drawer_charger_hunt_2026-06-08_21-48-18_094.txt
2026-06-08 21:53:05.626 | Battle of HOA Parking Dispute | card_e2e | battle_hoa_parking_dispute_2026-06-08_21-53-05_626.txt
2026-06-08 21:53:19.616 | Battle of HOA Parking Dispute | card_e2e | battle_hoa_parking_dispute_2026-06-08_21-53-19_616.txt
2026-06-08 21:57:06.749 | Battle of Silent Elevator Incident | card_e2e | battle_silent_elevator_incident_2026-06-08_21-57-06_749.txt
2026-06-08 21:57:19.800 | Battle of Mouse Pad Stickiness | card_e2e | battle_mouse_pad_stickiness_2026-06-08_21-57-19_800.txt
2026-06-08 22:00:51.258 | Battle of Shirt Tag Itchiness | card_e2e | battle_shirt_tag_itchiness_2026-06-08_22-00-51_258.txt
2026-06-08 22:01:04.320 | Battle of Neighbor's Leaf Blower | card_e2e | battle_neighbors_leaf_blower_2026-06-08_22-01-04_320.txt
2026-06-08 22:04:13.425 | Battle of Spilled Iced Coffee | card_e2e | battle_spilled_iced_coffee_2026-06-08_22-04-13_425.txt
2026-06-08 22:04:27.668 | Battle of Greasy Keyboard | card_e2e | battle_greasy_keyboard_2026-06-08_22-04-27_668.txt
2026-06-08 22:08:12.820 | Battle of Windshield Bug Stare-Down | card_e2e | battle_windshield_bug_stare_down_2026-06-08_22-08-12_820.txt
2026-06-08 22:08:25.880 | Battle of Roundabout Third Exit | card_e2e | battle_roundabout_third_exit_2026-06-08_22-08-25_880.txt
2026-06-08 22:12:18.765 | Battle of Grandpa's Hard Candy | card_e2e | battle_grandpas_hard_candy_2026-06-08_22-12-18_765.txt
2026-06-08 22:12:31.751 | Battle of Spilled Iced Coffee | card_e2e | battle_spilled_iced_coffee_2026-06-08_22-12-31_751.txt
2026-06-08 22:16:40.609 | Battle of Silent Elevator Incident | card_e2e | battle_silent_elevator_incident_2026-06-08_22-16-40_609.txt
2026-06-08 22:16:53.599 | Battle of Loading Spinner Eternity | card_e2e | battle_loading_spinner_eternity_2026-06-08_22-16-53_599.txt
2026-06-08 22:21:03.188 | Battle of New Shoe Blister March | card_e2e | battle_new_shoe_blister_march_2026-06-08_22-21-03_188.txt
2026-06-08 22:21:16.251 | Battle of Clippy's Revenge | card_e2e | battle_clippys_revenge_2026-06-08_22-21-16_251.txt
2026-06-08 22:25:16.425 | Battle of Keyboard Crumb Archaeology | card_e2e | battle_keyboard_crumb_archaeology_2026-06-08_22-25-16_425.txt
2026-06-08 22:25:30.807 | Battle of Rogue Roomba Rampage | card_e2e | battle_rogue_roomba_rampage_2026-06-08_22-25-30_807.txt
2026-06-08 22:28:59.525 | Battle of Moldy Lunchbox | card_e2e | battle_moldy_lunchbox_2026-06-08_22-28-59_525.txt
2026-06-08 22:29:13.484 | Battle of Basement Spider Negotiation | card_e2e | battle_basement_spider_negotiation_2026-06-08_22-29-13_484.txt
2026-06-08 22:33:06.658 | Battle of Moldy Lunchbox | card_e2e | battle_moldy_lunchbox_2026-06-08_22-33-06_658.txt
2026-06-08 22:33:20.691 | Battle of Sneezing Panda | card_e2e | battle_sneezing_panda_2026-06-08_22-33-20_691.txt
2026-06-08 22:36:01.889 | Battle of Static Electricity Handshake | card_e2e | battle_static_electricity_handshake_2026-06-08_22-36-01_889.txt
2026-06-08 22:36:14.875 | Battle of PTA Bake Sale Brawl | card_e2e | battle_pta_bake_sale_brawl_2026-06-08_22-36-14_875.txt
2026-06-08 22:39:32.376 | Battle of Sticky Vending Machine | card_e2e | battle_sticky_vending_machine_2026-06-08_22-39-32_376.txt
2026-06-08 22:39:46.321 | Battle of Keyboard Crumb Archaeology | card_e2e | battle_keyboard_crumb_archaeology_2026-06-08_22-39-46_321.txt
2026-06-08 22:43:53.305 | Battle of Sneezing Panda | card_e2e | battle_sneezing_panda_2026-06-08_22-43-53_305.txt
2026-06-08 22:44:06.323 | Battle of Yoga Ball Catastrophe | card_e2e | battle_yoga_ball_catastrophe_2026-06-08_22-44-06_323.txt
2026-06-08 22:48:07.508 | Battle of Dad Joke Showdown | card_e2e | battle_dad_joke_showdown_2026-06-08_22-48-07_508.txt
2026-06-08 22:48:20.472 | Battle of Silent Elevator Incident | card_e2e | battle_silent_elevator_incident_2026-06-08_22-48-20_472.txt
2026-06-08 22:51:22.148 | Battle of Grandma Fart | card_e2e | battle_grandma_fart_2026-06-08_22-51-22_148.txt
2026-06-08 22:51:34.095 | Battle of Mouse Pad Stickiness | card_e2e | battle_mouse_pad_stickiness_2026-06-08_22-51-34_095.txt
2026-06-08 22:54:08.269 | Battle of Static Electricity Handshake | card_e2e | battle_static_electricity_handshake_2026-06-08_22-54-08_269.txt
2026-06-08 22:54:21.439 | Battle of Black Friday Cart Collision | card_e2e | battle_black_friday_cart_collision_2026-06-08_22-54-21_439.txt
2026-06-08 22:57:42.556 | Battle of Terms and Conditions Marathon | card_e2e | battle_terms_and_conditions_marathon_2026-06-08_22-57-42_556.txt
2026-06-08 22:57:55.688 | Battle of Discount Lasagna | card_e2e | battle_discount_lasagna_2026-06-08_22-57-55_688.txt
2026-06-08 23:00:33.794 | Battle of Keyboard Crumb Archaeology | card_e2e | battle_keyboard_crumb_archaeology_2026-06-08_23-00-33_794.txt
2026-06-08 23:00:47.098 | Battle of Office Microwave Incident | card_e2e | battle_office_microwave_incident_2026-06-08_23-00-47_098.txt
2026-06-08 23:03:34.634 | Battle of Grandpa's Hard Candy | card_e2e | battle_grandpas_hard_candy_2026-06-08_23-03-34_634.txt
2026-06-08 23:06:31.865 | Battle of Reply All Disaster | card_e2e | battle_reply_all_disaster_2026-06-08_23-06-31_865.txt
2026-06-08 23:10:08.076 | Battle of Dad Joke Showdown | card_e2e | battle_dad_joke_showdown_2026-06-08_23-10-08_076.txt
2026-06-08 23:12:57.680 | Battle of Parking Lot Seagull | card_e2e | battle_parking_lot_seagull_2026-06-08_23-12-57_680.txt
2026-06-08 23:16:42.693 | Battle of Runaway Shopping Cart | card_e2e | battle_runaway_shopping_cart_2026-06-08_23-16-42_693.txt
2026-06-08 23:16:55.658 | Battle of Roundabout Third Exit | card_e2e | battle_roundabout_third_exit_2026-06-08_23-16-55_658.txt
2026-06-08 23:21:20.371 | Battle of Suspicious Meatball | card_e2e | battle_suspicious_meatball_2026-06-08_23-21-20_371.txt
2026-06-08 23:21:33.325 | Battle of Spam Folder Adventure | card_e2e | battle_spam_folder_adventure_2026-06-08_23-21-33_325.txt
2026-06-08 23:24:48.130 | Battle of Pickle Jar Incident | card_e2e | battle_pickle_jar_incident_2026-06-08_23-24-48_130.txt
2026-06-08 23:25:02.188 | Battle of Yoga Ball Catastrophe | card_e2e | battle_yoga_ball_catastrophe_2026-06-08_23-25-02_188.txt
2026-06-08 23:28:49.564 | Battle of Keyboard Crumb Archaeology | card_e2e | battle_keyboard_crumb_archaeology_2026-06-08_23-28-49_564.txt
2026-06-08 23:29:02.526 | Battle of Dust Bunny Kingdom | card_e2e | battle_dust_bunny_kingdom_2026-06-08_23-29-02_526.txt
2026-06-08 23:32:29.394 | Battle of Moldy Lunchbox | card_e2e | battle_moldy_lunchbox_2026-06-08_23-32-29_394.txt
2026-06-08 23:35:27.213 | Battle of Reply All Disaster | card_e2e | battle_reply_all_disaster_2026-06-08_23-35-27_213.txt
2026-06-08 23:37:52.806 | Battle of Costco Sample Stampede | card_e2e | battle_costco_sample_stampede_2026-06-08_23-37-52_806.txt
2026-06-08 23:38:05.823 | Battle of Junk Drawer Charger Hunt | card_e2e | battle_junk_drawer_charger_hunt_2026-06-08_23-38-05_823.txt
2026-06-08 23:41:44.452 | Battle of The Missing Sock | card_e2e | battle_the_missing_sock_2026-06-08_23-41-44_452.txt
2026-06-08 23:41:57.529 | Battle of Low Battery Panic | card_e2e | battle_low_battery_panic_2026-06-08_23-41-57_529.txt
2026-06-08 23:46:09.723 | Battle of Discount Lasagna | card_e2e | battle_discount_lasagna_2026-06-08_23-46-09_723.txt
2026-06-08 23:46:22.668 | Battle of Zoom Cat Filter Forever | card_e2e | battle_zoom_cat_filter_forever_2026-06-08_23-46-22_668.txt
2026-06-08 23:49:16.360 | Battle of Basement Spider Negotiation | card_e2e | battle_basement_spider_negotiation_2026-06-08_23-49-16_360.txt
2026-06-08 23:49:23.723 | Battle of Broken Elevator Blues | card_e2e | battle_broken_elevator_blues_2026-06-08_23-49-23_723.txt
2026-06-08 23:53:27.722 | Battle of Frog's Kitchen | card_e2e | battle_frogs_kitchen_2026-06-08_23-53-27_722.txt
2026-06-08 23:53:40.865 | Battle of Shirt Tag Itchiness | card_e2e | battle_shirt_tag_itchiness_2026-06-08_23-53-40_865.txt
2026-06-08 23:57:12.739 | Battle of Windshield Bug Stare-Down | card_e2e | battle_windshield_bug_stare_down_2026-06-08_23-57-12_739.txt
2026-06-08 23:57:26.057 | Battle of Cat Hair Tornado | card_e2e | battle_cat_hair_tornado_2026-06-08_23-57-26_057.txt
2026-06-09 00:01:53.994 | Battle of Notification Avalanche | card_e2e | battle_notification_avalanche_2026-06-09_00-01-53_994.txt
2026-06-09 00:02:06.931 | Battle of Yoga Ball Catastrophe | card_e2e | battle_yoga_ball_catastrophe_2026-06-09_00-02-06_931.txt
2026-06-09 00:05:54.656 | Battle of Dust Bunny Kingdom | card_e2e | battle_dust_bunny_kingdom_2026-06-09_00-05-54_656.txt
2026-06-09 00:06:08.045 | Battle of Keyboard Crumb Archaeology | card_e2e | battle_keyboard_crumb_archaeology_2026-06-09_00-06-08_045.txt
2026-06-09 00:10:00.588 | Battle of Spilled Iced Coffee | card_e2e | battle_spilled_iced_coffee_2026-06-09_00-10-00_588.txt
2026-06-09 00:10:13.548 | Battle of Uncle Barry's Basement | card_e2e | battle_uncle_barrys_basement_2026-06-09_00-10-13_548.txt
2026-06-09 00:13:58.637 | Battle of Cat Hair Tornado | card_e2e | battle_cat_hair_tornado_2026-06-09_00-13-58_637.txt
2026-06-09 00:14:12.856 | Battle of Mystery Remote Batteries | card_e2e | battle_mystery_remote_batteries_2026-06-09_00-14-12_856.txt
2026-06-09 00:17:56.700 | Battle of Grandma Fart | card_e2e | battle_grandma_fart_2026-06-09_00-17-56_700.txt
2026-06-09 00:21:22.947 | Battle of Spam Folder Adventure | card_e2e | battle_spam_folder_adventure_2026-06-09_00-21-22_948.txt
2026-06-09 00:24:19.144 | Battle of Pickle Jar Incident | card_e2e | battle_pickle_jar_incident_2026-06-09_00-24-19_144.txt
2026-06-09 00:24:32.202 | Battle of Janice's Essential Oils | card_e2e | battle_janices_essential_oils_2026-06-09_00-24-32_202.txt
2026-06-09 00:28:22.612 | Battle of Printer Jam Apocalypse | card_e2e | battle_printer_jam_apocalypse_2026-06-09_00-28-22_612.txt
2026-06-09 00:28:36.582 | Battle of Slippery Banana Peel Protocol | card_e2e | battle_slippery_banana_peel_protocol_2026-06-09_00-28-36_582.txt
2026-06-09 00:32:06.760 | Battle of Wet Jeans Commute | card_e2e | battle_wet_jeans_commute_2026-06-09_00-32-06_760.txt
2026-06-09 00:32:19.832 | Battle of Forgotten Password Quest | card_e2e | battle_forgotten_password_quest_2026-06-09_00-32-19_832.txt
2026-06-09 00:36:18.482 | Battle of Break Room Passive Aggression | card_e2e | battle_break_room_passive_aggression_2026-06-09_00-36-18_482.txt
2026-06-09 00:36:32.607 | Battle of Frog's Kitchen | card_e2e | battle_frogs_kitchen_2026-06-09_00-36-32_607.txt
2026-06-09 00:39:20.076 | Battle of Broken Elevator Blues | card_e2e | battle_broken_elevator_blues_2026-06-09_00-39-20_077.txt
2026-06-09 00:39:33.056 | Battle of Haunted Break Room | card_e2e | battle_haunted_break_room_2026-06-09_00-39-33_056.txt
2026-06-09 00:43:16.352 | Battle of The Conference Room Smell | card_e2e | battle_the_conference_room_smell_2026-06-09_00-43-16_352.txt
2026-06-09 00:43:29.318 | Battle of Shirt Tag Itchiness | card_e2e | battle_shirt_tag_itchiness_2026-06-09_00-43-29_318.txt
2026-06-09 00:47:47.140 | Battle of Umbrella Inside Out | card_e2e | battle_umbrella_inside_out_2026-06-09_00-47-47_140.txt
2026-06-09 00:47:59.106 | Battle of Kevin from HR's Potluck | card_e2e | battle_kevin_from_hrs_potluck_2026-06-09_00-47-59_106.txt
2026-06-09 00:51:14.160 | Battle of Clippy's Revenge | card_e2e | battle_clippys_revenge_2026-06-09_00-51-14_160.txt
2026-06-09 00:51:28.239 | Battle of Dad Joke Showdown | card_e2e | battle_dad_joke_showdown_2026-06-09_00-51-28_239.txt
2026-06-09 00:54:45.655 | Battle of Costco Sample Stampede | card_e2e | battle_costco_sample_stampede_2026-06-09_00-54-45_655.txt
2026-06-09 00:54:58.596 | Battle of Aunt Edna's Meatloaf | card_e2e | battle_aunt_ednas_meatloaf_2026-06-09_00-54-58_596.txt
2026-06-09 00:58:38.243 | Battle of Silent Elevator Incident | card_e2e | battle_silent_elevator_incident_2026-06-09_00-58-38_243.txt
2026-06-09 00:58:51.543 | Battle of Loading Spinner Eternity | card_e2e | battle_loading_spinner_eternity_2026-06-09_00-58-51_543.txt
2026-06-09 01:04:11.535 | Battle of Mystery Remote Batteries | card_e2e | battle_mystery_remote_batteries_2026-06-09_01-04-11_535.txt
2026-06-09 01:08:08.340 | Battle of Windy Day Hair Crisis | card_e2e | battle_windy_day_hair_crisis_2026-06-09_01-08-08_341.txt
2026-06-09 01:11:43.195 | Battle of Printer Jam Apocalypse | card_e2e | battle_printer_jam_apocalypse_2026-06-09_01-11-43_195.txt
2026-06-09 01:11:56.334 | Battle of Silent Elevator Incident | card_e2e | battle_silent_elevator_incident_2026-06-09_01-11-56_334.txt
2026-06-09 01:15:52.319 | Battle of Umbrella Inside Out | card_e2e | battle_umbrella_inside_out_2026-06-09_01-15-52_319.txt
2026-06-09 01:16:05.311 | Battle of Windshield Bug Stare-Down | card_e2e | battle_windshield_bug_stare_down_2026-06-09_01-16-05_311.txt
2026-06-09 01:20:45.801 | Battle of The Conference Room Smell | card_e2e | battle_the_conference_room_smell_2026-06-09_01-20-45_801.txt
2026-06-09 01:20:57.329 | Battle of Suburban Sprinkler War | card_e2e | battle_suburban_sprinkler_war_2026-06-09_01-20-57_329.txt
2026-06-09 01:24:59.576 | Battle of Parallel Parking Shame | card_e2e | battle_parallel_parking_shame_2026-06-09_01-24-59_576.txt
2026-06-09 01:25:12.536 | Battle of Reply All Disaster | card_e2e | battle_reply_all_disaster_2026-06-09_01-25-12_536.txt
2026-06-09 01:29:13.654 | Battle of Grandpa's Hard Candy | card_e2e | battle_grandpas_hard_candy_2026-06-09_01-29-13_654.txt
2026-06-09 01:29:26.699 | Battle of New Shoe Blister March | card_e2e | battle_new_shoe_blister_march_2026-06-09_01-29-26_699.txt
2026-06-09 01:33:49.259 | Battle of Todd's Standing Desk | card_e2e | battle_todds_standing_desk_2026-06-09_01-33-49_259.txt
2026-06-09 01:34:03.359 | Battle of Sticky Vending Machine | card_e2e | battle_sticky_vending_machine_2026-06-09_01-34-03_359.txt
2026-06-09 01:38:09.157 | Battle of Wet Jeans Commute | card_e2e | battle_wet_jeans_commute_2026-06-09_01-38-09_157.txt
2026-06-09 01:38:22.204 | Battle of Gary's Fish Stick Legacy | card_e2e | battle_garys_fish_stick_legacy_2026-06-09_01-38-22_204.txt
2026-06-09 01:42:24.261 | Battle of Suspicious Meatball | card_e2e | battle_suspicious_meatball_2026-06-09_01-42-24_261.txt
2026-06-09 01:42:38.235 | Battle of Loading Spinner Eternity | card_e2e | battle_loading_spinner_eternity_2026-06-09_01-42-38_235.txt
2026-06-09 01:45:57.878 | Battle of Leftover Pizza Politics | card_e2e | battle_leftover_pizza_politics_2026-06-09_01-45-57_878.txt
2026-06-09 01:46:10.959 | Battle of Leftover Pizza Politics | card_e2e | battle_leftover_pizza_politics_2026-06-09_01-46-10_959.txt
2026-06-09 01:47:33.205 | Battle of Grandma Fart | card_e2e | battle_grandma_fart_2026-06-09_01-47-33_205.txt
2026-06-09 01:48:01.362 | Battle of Wet Sock Avalanche | card_e2e | battle_wet_sock_avalanche_2026-06-09_01-48-01_362.txt
2026-06-09 01:51:58.149 | Battle of Mystery Stain on Couch | card_e2e | battle_mystery_stain_on_couch_2026-06-09_01-51-58_149.txt
2026-06-09 01:54:29.747 | Battle of Mystery Remote Batteries | card_e2e | battle_mystery_remote_batteries_2026-06-09_01-54-29_747.txt
2026-06-09 01:58:15.979 | Battle of Break Room Passive Aggression | card_e2e | battle_break_room_passive_aggression_2026-06-09_01-58-15_979.txt
2026-06-09 02:01:17.203 | Battle of Keyboard Crumb Archaeology | card_e2e | battle_keyboard_crumb_archaeology_2026-06-09_02-01-17_203.txt
2026-06-09 02:05:10.510 | Battle of Mystery Stain on Couch | card_e2e | battle_mystery_stain_on_couch_2026-06-09_02-05-10_510.txt
2026-06-09 02:07:53.145 | Battle of Clippy's Revenge | card_e2e | battle_clippys_revenge_2026-06-09_02-07-53_145.txt
2026-06-09 02:12:22.525 | Battle of WiFi Router Funeral | card_e2e | battle_wifi_router_funeral_2026-06-09_02-12-22_525.txt
2026-06-09 02:12:34.198 | Battle of The Conference Room Smell | card_e2e | battle_the_conference_room_smell_2026-06-09_02-12-34_198.txt
2026-06-09 02:16:04.528 | Battle of WiFi Router Funeral | card_e2e | battle_wifi_router_funeral_2026-06-09_02-16-04_528.txt
2026-06-09 02:16:18.506 | Battle of Yoga Ball Catastrophe | card_e2e | battle_yoga_ball_catastrophe_2026-06-09_02-16-18_506.txt
2026-06-09 02:20:21.928 | Battle of Forgotten Password Quest | card_e2e | battle_forgotten_password_quest_2026-06-09_02-20-21_928.txt
2026-06-09 02:20:48.183 | Battle of Wet Jeans Commute | card_e2e | battle_wet_jeans_commute_2026-06-09_02-20-48_183.txt
2026-06-09 02:24:05.748 | Battle of Parallel Parking Shame | card_e2e | battle_parallel_parking_shame_2026-06-09_02-24-05_748.txt
2026-06-09 02:24:18.700 | Battle of Greasy Keyboard | card_e2e | battle_greasy_keyboard_2026-06-09_02-24-18_700.txt
2026-06-09 02:28:32.225 | Battle of Suburban Sprinkler War | card_e2e | battle_suburban_sprinkler_war_2026-06-09_02-28-32_225.txt
2026-06-09 02:28:45.226 | Battle of Windy Day Hair Crisis | card_e2e | battle_windy_day_hair_crisis_2026-06-09_02-28-45_226.txt
2026-06-09 02:32:08.523 | Battle of Frog's Kitchen | card_e2e | battle_frogs_kitchen_2026-06-09_02-32-08_523.txt
2026-06-09 02:36:03.815 | Battle of PTA Bake Sale Brawl | card_e2e | battle_pta_bake_sale_brawl_2026-06-09_02-36-03_815.txt
2026-06-09 02:39:21.844 | Battle of Leftover Pizza Politics | card_e2e | battle_leftover_pizza_politics_2026-06-09_02-39-21_844.txt
2026-06-09 02:39:34.777 | Battle of Group Chat Meltdown | card_e2e | battle_group_chat_meltdown_2026-06-09_02-39-34_777.txt
2026-06-09 02:44:01.079 | Battle of Suspicious Meatball | card_e2e | battle_suspicious_meatball_2026-06-09_02-44-01_079.txt
2026-06-09 02:44:15.231 | Battle of Keyboard Crumb Archaeology | card_e2e | battle_keyboard_crumb_archaeology_2026-06-09_02-44-15_231.txt
2026-06-09 02:48:38.837 | Battle of Zoom Cat Filter Forever | card_e2e | battle_zoom_cat_filter_forever_2026-06-09_02-48-38_837.txt
2026-06-09 02:48:52.793 | Battle of Low Battery Panic | card_e2e | battle_low_battery_panic_2026-06-09_02-48-52_793.txt
2026-06-09 02:52:22.212 | Battle of New Shoe Blister March | card_e2e | battle_new_shoe_blister_march_2026-06-09_02-52-22_212.txt
2026-06-09 02:52:35.162 | Battle of Pop-Up Ad Uprising | card_e2e | battle_pop_up_ad_uprising_2026-06-09_02-52-35_162.txt
2026-06-09 02:54:56.265 | Battle of New Shoe Blister March | card_e2e | battle_new_shoe_blister_march_2026-06-09_02-54-56_265.txt
2026-06-09 02:55:07.750 | Battle of The Conference Room Smell | card_e2e | battle_the_conference_room_smell_2026-06-09_02-55-07_750.txt
2026-06-09 02:59:03.333 | Battle of Slippery Banana Peel Protocol | card_e2e | battle_slippery_banana_peel_protocol_2026-06-09_02-59-03_333.txt
2026-06-09 02:59:16.255 | Battle of Angry Supermarket Clerk | card_e2e | battle_angry_supermarket_clerk_2026-06-09_02-59-16_256.txt
2026-06-09 03:02:45.506 | Battle of Sneezing Panda | card_e2e | battle_sneezing_panda_2026-06-09_03-02-45_506.txt
2026-06-09 03:02:58.444 | Battle of Parallel Parking Shame | card_e2e | battle_parallel_parking_shame_2026-06-09_03-02-58_444.txt
2026-06-09 03:06:21.699 | Battle of Clippy's Revenge | card_e2e | battle_clippys_revenge_2026-06-09_03-06-21_699.txt
2026-06-09 03:06:35.664 | Battle of Printer Jam Apocalypse | card_e2e | battle_printer_jam_apocalypse_2026-06-09_03-06-35_664.txt
2026-06-09 03:10:35.985 | Battle of Dryer Lint Monarchy | card_e2e | battle_dryer_lint_monarchy_2026-06-09_03-10-35_985.txt
2026-06-09 03:10:48.945 | Battle of Sticky Vending Machine | card_e2e | battle_sticky_vending_machine_2026-06-09_03-10-48_945.txt
2026-06-09 03:14:34.489 | Battle of Suspicious Meatball | card_e2e | battle_suspicious_meatball_2026-06-09_03-14-34_489.txt
2026-06-09 03:14:47.440 | Battle of Silent Elevator Incident | card_e2e | battle_silent_elevator_incident_2026-06-09_03-14-47_440.txt
2026-06-09 03:18:53.273 | Battle of Pickle Jar Incident | card_e2e | battle_pickle_jar_incident_2026-06-09_03-18-53_273.txt
2026-06-09 03:19:06.362 | Battle of Block Party Flamingo | card_e2e | battle_block_party_flamingo_2026-06-09_03-19-06_362.txt
2026-06-09 03:23:25.767 | Battle of Shirt Tag Itchiness | card_e2e | battle_shirt_tag_itchiness_2026-06-09_03-23-25_767.txt
2026-06-09 03:23:39.826 | Battle of Captcha Purgatory | card_e2e | battle_captcha_purgatory_2026-06-09_03-23-39_826.txt
2026-06-09 03:26:18.271 | Battle of New Shoe Blister March | card_e2e | battle_new_shoe_blister_march_2026-06-09_03-26-18_271.txt
2026-06-09 03:26:33.007 | Battle of Grandpa's Hard Candy | card_e2e | battle_grandpas_hard_candy_2026-06-09_03-26-33_007.txt
2026-06-09 03:29:57.544 | Battle of Zoom Cat Filter Forever | card_e2e | battle_zoom_cat_filter_forever_2026-06-09_03-29-57_544.txt
2026-06-09 03:30:12.792 | Battle of Group Chat Meltdown | card_e2e | battle_group_chat_meltdown_2026-06-09_03-30-12_792.txt
2026-06-09 03:32:50.676 | Battle of Aunt Edna's Meatloaf | card_e2e | battle_aunt_ednas_meatloaf_2026-06-09_03-32-50_676.txt
2026-06-09 03:33:03.796 | Battle of Silent Elevator Incident | card_e2e | battle_silent_elevator_incident_2026-06-09_03-33-03_796.txt
2026-06-09 03:36:36.278 | Battle of Janice's Essential Oils | card_e2e | battle_janices_essential_oils_2026-06-09_03-36-36_278.txt
2026-06-09 03:39:19.140 | Battle of Haunted Break Room | card_e2e | battle_haunted_break_room_2026-06-09_03-39-19_140.txt
2026-06-09 03:42:55.135 | Battle of Terms and Conditions Marathon | card_e2e | battle_terms_and_conditions_marathon_2026-06-09_03-42-55_136.txt
2026-06-09 03:43:08.105 | Battle of Broken Elevator Blues | card_e2e | battle_broken_elevator_blues_2026-06-09_03-43-08_105.txt
2026-06-09 03:47:23.459 | Battle of Suspicious Meatball | card_e2e | battle_suspicious_meatball_2026-06-09_03-47-23_459.txt
2026-06-09 03:50:49.093 | Battle of Black Friday Cart Collision | card_e2e | battle_black_friday_cart_collision_2026-06-09_03-50-49_093.txt
2026-06-09 03:56:05.406 | Battle of Yoga Ball Catastrophe | card_e2e | battle_yoga_ball_catastrophe_2026-06-09_03-56-05_406.txt
2026-06-09 03:58:42.396 | Battle of The Conference Room Smell | card_e2e | battle_the_conference_room_smell_2026-06-09_03-58-42_396.txt
2026-06-09 04:01:44.278 | Battle of Spam Folder Adventure | card_e2e | battle_spam_folder_adventure_2026-06-09_04-01-44_278.txt
2026-06-09 04:01:57.297 | Battle of Greasy Keyboard | card_e2e | battle_greasy_keyboard_2026-06-09_04-01-57_297.txt
2026-06-09 04:06:08.502 | Battle of Cable Guy Time Window | card_e2e | battle_cable_guy_time_window_2026-06-09_04-06-08_502.txt
2026-06-09 04:09:21.706 | Battle of Captcha Purgatory | card_e2e | battle_captcha_purgatory_2026-06-09_04-09-21_706.txt
2026-06-09 04:12:54.804 | Battle of Office Microwave Incident | card_e2e | battle_office_microwave_incident_2026-06-09_04-12-54_804.txt
2026-06-09 04:13:07.982 | Battle of Rogue Roomba Rampage | card_e2e | battle_rogue_roomba_rampage_2026-06-09_04-13-07_982.txt
2026-06-09 04:16:52.412 | Battle of New Shoe Blister March | card_e2e | battle_new_shoe_blister_march_2026-06-09_04-16-52_412.txt
2026-06-09 04:17:05.371 | Battle of Mystery Remote Batteries | card_e2e | battle_mystery_remote_batteries_2026-06-09_04-17-05_371.txt
2026-06-09 04:20:38.613 | Battle of New Shoe Blister March | card_e2e | battle_new_shoe_blister_march_2026-06-09_04-20-38_614.txt
2026-06-09 04:24:32.197 | Battle of Suburban Sprinkler War | card_e2e | battle_suburban_sprinkler_war_2026-06-09_04-24-32_197.txt
2026-06-09 04:27:50.673 | Battle of Todd's Standing Desk | card_e2e | battle_todds_standing_desk_2026-06-09_04-27-50_673.txt
2026-06-09 04:28:04.630 | Battle of Block Party Flamingo | card_e2e | battle_block_party_flamingo_2026-06-09_04-28-04_631.txt
2026-06-09 04:31:23.178 | Battle of Grandpa's Hard Candy | card_e2e | battle_grandpas_hard_candy_2026-06-09_04-31-23_178.txt
2026-06-09 04:31:36.323 | Battle of Gary's Fish Stick Legacy | card_e2e | battle_garys_fish_stick_legacy_2026-06-09_04-31-36_323.txt
2026-06-09 04:34:53.782 | Battle of Wet Sock Avalanche | card_e2e | battle_wet_sock_avalanche_2026-06-09_04-34-53_782.txt
2026-06-09 04:35:07.888 | Battle of Leftover Pizza Politics | card_e2e | battle_leftover_pizza_politics_2026-06-09_04-35-07_888.txt
2026-06-09 04:39:04.559 | Battle of Notification Avalanche | card_e2e | battle_notification_avalanche_2026-06-09_04-39-04_559.txt
2026-06-09 04:39:17.512 | Battle of Printer Jam Apocalypse | card_e2e | battle_printer_jam_apocalypse_2026-06-09_04-39-17_512.txt
2026-06-09 04:43:42.856 | Battle of Roundabout Third Exit | card_e2e | battle_roundabout_third_exit_2026-06-09_04-43-42_856.txt
2026-06-09 04:43:57.089 | Battle of Mystery Stain on Couch | card_e2e | battle_mystery_stain_on_couch_2026-06-09_04-43-57_089.txt
2026-06-09 04:46:29.284 | Battle of Dad Joke Showdown | card_e2e | battle_dad_joke_showdown_2026-06-09_04-46-29_284.txt
2026-06-09 04:46:42.376 | Battle of Grandma Fart | card_e2e | battle_grandma_fart_2026-06-09_04-46-42_376.txt
2026-06-09 04:50:14.540 | Battle of Static Electricity Handshake | card_e2e | battle_static_electricity_handshake_2026-06-09_04-50-14_540.txt
2026-06-09 04:50:28.495 | Battle of New Shoe Blister March | card_e2e | battle_new_shoe_blister_march_2026-06-09_04-50-28_495.txt
2026-06-09 04:54:14.544 | Battle of Low Battery Panic | card_e2e | battle_low_battery_panic_2026-06-09_04-54-14_544.txt
2026-06-09 04:54:53.035 | Battle of Parallel Parking Shame | card_e2e | battle_parallel_parking_shame_2026-06-09_04-54-53_035.txt
2026-06-09 04:58:46.798 | Battle of Haunted Break Room | card_e2e | battle_haunted_break_room_2026-06-09_04-58-46_798.txt
2026-06-09 04:58:59.941 | Battle of Bird Droppings | card_e2e | battle_bird_droppings_2026-06-09_04-58-59_941.txt
2026-06-09 05:03:09.673 | Battle of Sneezing Panda | card_e2e | battle_sneezing_panda_2026-06-09_05-03-09_673.txt
2026-06-09 05:03:22.797 | Battle of Mystery Meatloaf | card_e2e | battle_mystery_meatloaf_2026-06-09_05-03-22_797.txt
2026-06-09 05:06:37.389 | Battle of Roundabout Third Exit | card_e2e | battle_roundabout_third_exit_2026-06-09_05-06-37_389.txt
