2026-06-01 22:48:30.458 | Battle of Suspicious Meatball | card_e2e | battle_suspicious_meatball_2026-06-01_22-48-30_458.txt
2026-06-01 22:48:48.543 | Battle of Basement Spider Negotiation | card_e2e | battle_basement_spider_negotiation_2026-06-01_22-48-48_543.txt
2026-06-01 22:49:01.743 | Battle of Frog's Kitchen | card_e2e | battle_frogs_kitchen_2026-06-01_22-49-01_743.txt
2026-06-01 22:49:13.935 | Battle of Sneezing Panda | card_e2e | battle_sneezing_panda_2026-06-01_22-49-13_935.txt
2026-06-01 22:49:25.121 | Battle of PTA Bake Sale Brawl | card_e2e | battle_pta_bake_sale_brawl_2026-06-01_22-49-25_121.txt
2026-06-01 22:49:38.348 | Battle of Break Room Passive Aggression | card_e2e | battle_break_room_passive_aggression_2026-06-01_22-49-38_348.txt
2026-06-01 22:50:59.820 | Battle of Cable Guy Time Window | card_e2e | battle_cable_guy_time_window_2026-06-01_22-50-59_820.txt
2026-06-01 22:51:11.014 | Battle of Mouse Pad Stickiness | card_e2e | battle_mouse_pad_stickiness_2026-06-01_22-51-11_014.txt
2026-06-01 22:51:23.215 | Battle of Greasy Keyboard | card_e2e | battle_greasy_keyboard_2026-06-01_22-51-23_215.txt
2026-06-01 22:51:36.401 | Battle of Mystery Stain on Couch | card_e2e | battle_mystery_stain_on_couch_2026-06-01_22-51-36_401.txt
2026-06-01 22:51:49.863 | Battle of Windy Day Hair Crisis | card_e2e | battle_windy_day_hair_crisis_2026-06-01_22-51-49_863.txt
2026-06-01 22:52:02.084 | Battle of Cat Hair Tornado | card_e2e | battle_cat_hair_tornado_2026-06-01_22-52-02_084.txt
2026-06-01 22:52:16.265 | Battle of Office Microwave Incident | card_e2e | battle_office_microwave_incident_2026-06-01_22-52-16_265.txt
2026-06-01 22:52:28.492 | Battle of Frog's Kitchen | card_e2e | battle_frogs_kitchen_2026-06-01_22-52-28_492.txt
2026-06-01 22:52:41.738 | Battle of Pickle Jar Incident | card_e2e | battle_pickle_jar_incident_2026-06-01_22-52-41_738.txt
2026-06-01 22:52:53.941 | Battle of Basement Spider Negotiation | card_e2e | battle_basement_spider_negotiation_2026-06-01_22-52-53_941.txt
2026-06-01 22:53:05.149 | Battle of Dad Joke Showdown | card_e2e | battle_dad_joke_showdown_2026-06-01_22-53-05_149.txt
2026-06-01 22:53:18.345 | Battle of Garage Sale Treasure Hunt | card_e2e | battle_garage_sale_treasure_hunt_2026-06-01_22-53-18_345.txt
2026-06-01 22:53:30.526 | Battle of HOA Parking Dispute | card_e2e | battle_hoa_parking_dispute_2026-06-01_22-53-30_526.txt
2026-06-01 22:53:42.679 | Battle of PTA Bake Sale Brawl | card_e2e | battle_pta_bake_sale_brawl_2026-06-01_22-53-42_679.txt
2026-06-01 22:53:55.182 | Battle of Mystery Stain on Couch | card_e2e | battle_mystery_stain_on_couch_2026-06-01_22-53-55_182.txt
2026-06-01 22:57:25.125 | Battle of PTA Bake Sale Brawl | card_e2e | battle_pta_bake_sale_brawl_2026-06-01_22-57-25_125.txt
2026-06-01 23:00:08.148 | Battle of Angry Supermarket Clerk | card_e2e | battle_angry_supermarket_clerk_2026-06-01_23-00-08_148.txt
2026-06-01 23:00:21.386 | Battle of Junk Drawer Charger Hunt | card_e2e | battle_junk_drawer_charger_hunt_2026-06-01_23-00-21_386.txt
2026-06-01 23:00:33.610 | Battle of Neighbor's Leaf Blower | card_e2e | battle_neighbors_leaf_blower_2026-06-01_23-00-33_610.txt
2026-06-01 23:00:45.830 | Battle of HOA Parking Dispute | card_e2e | battle_hoa_parking_dispute_2026-06-01_23-00-45_831.txt
2026-06-01 23:00:57.013 | Battle of Autocorrect Apology Tour | card_e2e | battle_autocorrect_apology_tour_2026-06-01_23-00-57_013.txt
2026-06-01 23:03:29.675 | Battle of Todd's Standing Desk | card_e2e | battle_todds_standing_desk_2026-06-01_23-03-29_675.txt
2026-06-01 23:03:41.877 | Battle of Terms and Conditions Marathon | card_e2e | battle_terms_and_conditions_marathon_2026-06-01_23-03-41_877.txt
2026-06-01 23:03:53.076 | Battle of Slippery Banana Peel Protocol | card_e2e | battle_slippery_banana_peel_protocol_2026-06-01_23-03-53_076.txt
2026-06-01 23:04:06.296 | Battle of Black Friday Cart Collision | card_e2e | battle_black_friday_cart_collision_2026-06-01_23-04-06_296.txt
2026-06-01 23:04:12.731 | Battle of Bird Droppings | card_e2e | battle_bird_droppings_2026-06-01_23-04-12_731.txt
2026-06-01 23:04:24.957 | Battle of Aunt Edna's Meatloaf | card_e2e | battle_aunt_ednas_meatloaf_2026-06-01_23-04-24_957.txt
2026-06-01 23:04:38.309 | Battle of Todd's Standing Desk | card_e2e | battle_todds_standing_desk_2026-06-01_23-04-38_309.txt
2026-06-01 23:04:50.474 | Battle of Mystery Remote Batteries | card_e2e | battle_mystery_remote_batteries_2026-06-01_23-04-50_474.txt
2026-06-01 23:05:03.976 | Battle of Yoga Ball Catastrophe | card_e2e | battle_yoga_ball_catastrophe_2026-06-01_23-05-03_976.txt
2026-06-01 23:05:15.181 | Battle of Printer Jam Apocalypse | card_e2e | battle_printer_jam_apocalypse_2026-06-01_23-05-15_181.txt
2026-06-01 23:05:29.521 | Battle of Kevin from HR's Potluck | card_e2e | battle_kevin_from_hrs_potluck_2026-06-01_23-05-29_521.txt
2026-06-01 23:07:11.419 | Battle of Bird Droppings | card_e2e | battle_bird_droppings_2026-06-01_23-07-11_419.txt
2026-06-01 23:07:23.641 | Battle of Forgotten Password Quest | card_e2e | battle_forgotten_password_quest_2026-06-01_23-07-23_641.txt
2026-06-01 23:07:36.823 | Battle of Janice's Essential Oils | card_e2e | battle_janices_essential_oils_2026-06-01_23-07-36_823.txt
2026-06-01 23:07:48.991 | Battle of Black Friday Cart Collision | card_e2e | battle_black_friday_cart_collision_2026-06-01_23-07-48_991.txt
2026-06-01 23:08:02.230 | Battle of Frog's Kitchen | card_e2e | battle_frogs_kitchen_2026-06-01_23-08-02_230.txt
2026-06-01 23:08:14.462 | Battle of Silent Elevator Incident | card_e2e | battle_silent_elevator_incident_2026-06-01_23-08-14_462.txt
2026-06-01 23:08:26.687 | Battle of Janice's Essential Oils | card_e2e | battle_janices_essential_oils_2026-06-01_23-08-26_687.txt
2026-06-01 23:08:38.935 | Battle of PTA Bake Sale Brawl | card_e2e | battle_pta_bake_sale_brawl_2026-06-01_23-08-38_935.txt
2026-06-01 23:08:52.283 | Battle of Wet Sock Avalanche | card_e2e | battle_wet_sock_avalanche_2026-06-01_23-08-52_283.txt
2026-06-01 23:09:04.519 | Battle of Grandma Fart | card_e2e | battle_grandma_fart_2026-06-01_23-09-04_519.txt
2026-06-01 23:09:16.096 | Battle of Discount Lasagna | card_e2e | battle_discount_lasagna_2026-06-01_23-09-16_096.txt
2026-06-01 23:09:37.808 | Battle of Squirrel Guarding the Acorn | card_e2e | battle_squirrel_guarding_the_acorn_2026-06-01_23-09-37_808.txt
2026-06-01 23:09:49.023 | Battle of Burnt Toast Uprising | card_e2e | battle_burnt_toast_uprising_2026-06-01_23-09-49_023.txt
2026-06-01 23:10:02.245 | Battle of Kevin from HR's Potluck | card_e2e | battle_kevin_from_hrs_potluck_2026-06-01_23-10-02_245.txt
2026-06-01 23:10:12.768 | Battle of Spam Folder Adventure | card_e2e | battle_spam_folder_adventure_2026-06-01_23-10-12_768.txt
2026-06-01 23:10:24.988 | Battle of Yoga Ball Catastrophe | card_e2e | battle_yoga_ball_catastrophe_2026-06-01_23-10-24_988.txt
2026-06-01 23:10:36.169 | Battle of Zoom Cat Filter Forever | card_e2e | battle_zoom_cat_filter_forever_2026-06-01_23-10-36_169.txt
2026-06-01 23:10:50.486 | Battle of Mystery Remote Batteries | card_e2e | battle_mystery_remote_batteries_2026-06-01_23-10-50_486.txt
2026-06-01 23:11:02.726 | Battle of Terms and Conditions Marathon | card_e2e | battle_terms_and_conditions_marathon_2026-06-01_23-11-02_726.txt
2026-06-01 23:11:15.901 | Battle of Low Battery Panic | card_e2e | battle_low_battery_panic_2026-06-01_23-11-15_901.txt
2026-06-01 23:11:28.112 | Battle of Keyboard Crumb Archaeology | card_e2e | battle_keyboard_crumb_archaeology_2026-06-01_23-11-28_112.txt
2026-06-01 23:11:57.041 | Battle of Bird Droppings | card_e2e | battle_bird_droppings_2026-06-01_23-11-57_041.txt
2026-06-01 23:14:26.682 | Battle of Loading Spinner Eternity | card_e2e | battle_loading_spinner_eternity_2026-06-01_23-14-26_682.txt
2026-06-01 23:16:56.415 | Battle of Garage Sale Treasure Hunt | card_e2e | battle_garage_sale_treasure_hunt_2026-06-01_23-16-56_415.txt
2026-06-01 23:19:38.717 | Battle of Rogue Roomba Rampage | card_e2e | battle_rogue_roomba_rampage_2026-06-01_23-19-38_717.txt
2026-06-01 23:19:49.266 | Battle of Spilled Iced Coffee | card_e2e | battle_spilled_iced_coffee_2026-06-01_23-19-49_266.txt
2026-06-01 23:20:02.495 | Battle of Wet Sock Avalanche | card_e2e | battle_wet_sock_avalanche_2026-06-01_23-20-02_495.txt
2026-06-01 23:20:17.822 | Battle of Spilled Iced Coffee | card_e2e | battle_spilled_iced_coffee_2026-06-01_23-20-17_822.txt
2026-06-01 23:20:29.038 | Battle of Static Electricity Handshake | card_e2e | battle_static_electricity_handshake_2026-06-01_23-20-29_038.txt
2026-06-01 23:20:42.242 | Battle of Soggy Cereal Rebellion | card_e2e | battle_soggy_cereal_rebellion_2026-06-01_23-20-42_242.txt
2026-06-01 23:23:05.359 | Battle of Uncle Barry's Basement | card_e2e | battle_uncle_barrys_basement_2026-06-01_23-23-05_359.txt
2026-06-01 23:23:17.557 | Battle of Reply All Disaster | card_e2e | battle_reply_all_disaster_2026-06-01_23-23-17_557.txt
2026-06-01 23:23:30.778 | Battle of Break Room Passive Aggression | card_e2e | battle_break_room_passive_aggression_2026-06-01_23-23-30_778.txt
2026-06-01 23:23:43.018 | Battle of Clippy's Revenge | card_e2e | battle_clippys_revenge_2026-06-01_23-23-43_018.txt
2026-06-01 23:23:55.193 | Battle of Dust Bunny Kingdom | card_e2e | battle_dust_bunny_kingdom_2026-06-01_23-23-55_193.txt
2026-06-01 23:24:06.751 | Battle of Angry Supermarket Clerk | card_e2e | battle_angry_supermarket_clerk_2026-06-01_23-24-06_751.txt
2026-06-01 23:24:18.887 | Battle of Mouse Pad Stickiness | card_e2e | battle_mouse_pad_stickiness_2026-06-01_23-24-18_887.txt
2026-06-01 23:24:30.066 | Battle of Todd's Standing Desk | card_e2e | battle_todds_standing_desk_2026-06-01_23-24-30_066.txt
2026-06-01 23:24:44.253 | Battle of Burnt Toast Uprising | card_e2e | battle_burnt_toast_uprising_2026-06-01_23-24-44_253.txt
2026-06-01 23:24:56.427 | Battle of Black Friday Cart Collision | card_e2e | battle_black_friday_cart_collision_2026-06-01_23-24-56_428.txt
2026-06-01 23:25:08.642 | Battle of Cat Hair Tornado | card_e2e | battle_cat_hair_tornado_2026-06-01_23-25-08_642.txt
2026-06-01 23:25:20.872 | Battle of Broken Elevator Blues | card_e2e | battle_broken_elevator_blues_2026-06-01_23-25-20_873.txt
2026-06-01 23:25:33.069 | Battle of New Shoe Blister March | card_e2e | battle_new_shoe_blister_march_2026-06-01_23-25-33_069.txt
2026-06-01 23:25:48.988 | Battle of Keyboard Crumb Archaeology | card_e2e | battle_keyboard_crumb_archaeology_2026-06-01_23-25-48_988.txt
2026-06-01 23:26:02.274 | Battle of Greasy Keyboard | card_e2e | battle_greasy_keyboard_2026-06-01_23-26-02_274.txt
2026-06-01 23:26:14.529 | Battle of Black Friday Cart Collision | card_e2e | battle_black_friday_cart_collision_2026-06-01_23-26-14_529.txt
2026-06-01 23:26:33.939 | Battle of Soggy Cereal Rebellion | card_e2e | battle_soggy_cereal_rebellion_2026-06-01_23-26-33_940.txt
2026-06-01 23:26:45.194 | Battle of PTA Bake Sale Brawl | card_e2e | battle_pta_bake_sale_brawl_2026-06-01_23-26-45_194.txt
2026-06-01 23:28:37.528 | Battle of Bird Droppings | card_e2e | battle_bird_droppings_2026-06-01_23-28-37_528.txt
2026-06-01 23:31:10.297 | Battle of Terms and Conditions Marathon | card_e2e | battle_terms_and_conditions_marathon_2026-06-01_23-31-10_297.txt
2026-06-01 23:31:22.503 | Battle of Static Electricity Handshake | card_e2e | battle_static_electricity_handshake_2026-06-01_23-31-22_503.txt
2026-06-01 23:31:35.831 | Battle of Haunted Break Room | card_e2e | battle_haunted_break_room_2026-06-01_23-31-35_831.txt
2026-06-01 23:31:47.047 | Battle of Forgotten Password Quest | card_e2e | battle_forgotten_password_quest_2026-06-01_23-31-47_047.txt
2026-06-01 23:32:00.254 | Battle of Sticky Vending Machine | card_e2e | battle_sticky_vending_machine_2026-06-01_23-32-00_254.txt
2026-06-01 23:32:12.480 | Battle of Pickle Jar Incident | card_e2e | battle_pickle_jar_incident_2026-06-01_23-32-12_480.txt
2026-06-01 23:32:25.636 | Battle of Frog's Kitchen | card_e2e | battle_frogs_kitchen_2026-06-01_23-32-25_636.txt
2026-06-01 23:32:37.847 | Battle of Wet Sock Avalanche | card_e2e | battle_wet_sock_avalanche_2026-06-01_23-32-37_847.txt
2026-06-01 23:32:50.092 | Battle of Todd's Standing Desk | card_e2e | battle_todds_standing_desk_2026-06-01_23-32-50_092.txt
2026-06-01 23:33:03.290 | Battle of Janice's Essential Oils | card_e2e | battle_janices_essential_oils_2026-06-01_23-33-03_290.txt
2026-06-01 23:33:16.646 | Battle of Umbrella Inside Out | card_e2e | battle_umbrella_inside_out_2026-06-01_23-33-16_646.txt
2026-06-01 23:33:28.856 | Battle of Pickle Jar Incident | card_e2e | battle_pickle_jar_incident_2026-06-01_23-33-28_856.txt
2026-06-01 23:33:41.067 | Battle of Dryer Lint Monarchy | card_e2e | battle_dryer_lint_monarchy_2026-06-01_23-33-41_067.txt
2026-06-01 23:36:07.694 | Battle of Junk Drawer Charger Hunt | card_e2e | battle_junk_drawer_charger_hunt_2026-06-01_23-36-07_694.txt
2026-06-01 23:36:19.885 | Battle of Zoom Cat Filter Forever | card_e2e | battle_zoom_cat_filter_forever_2026-06-01_23-36-19_885.txt
2026-06-01 23:36:31.106 | Battle of Broken Elevator Blues | card_e2e | battle_broken_elevator_blues_2026-06-01_23-36-31_106.txt
2026-06-01 23:39:39.019 | Battle of Low Battery Panic | card_e2e | battle_low_battery_panic_2026-06-01_23-39-39_019.txt
2026-06-01 23:39:51.211 | Battle of Clippy's Revenge | card_e2e | battle_clippys_revenge_2026-06-01_23-39-51_211.txt
2026-06-01 23:42:02.821 | Battle of Mystery Meatloaf | card_e2e | battle_mystery_meatloaf_2026-06-01_23-42-02_821.txt
2026-06-01 23:42:14.032 | Battle of Cable Guy Time Window | card_e2e | battle_cable_guy_time_window_2026-06-01_23-42-14_032.txt
2026-06-01 23:42:28.289 | Battle of Parking Lot Seagull | card_e2e | battle_parking_lot_seagull_2026-06-01_23-42-28_289.txt
2026-06-01 23:42:41.510 | Battle of Break Room Passive Aggression | card_e2e | battle_break_room_passive_aggression_2026-06-01_23-42-41_510.txt
2026-06-01 23:42:53.721 | Battle of Junk Drawer Charger Hunt | card_e2e | battle_junk_drawer_charger_hunt_2026-06-01_23-42-53_721.txt
2026-06-01 23:43:05.927 | Battle of Forgotten Password Quest | card_e2e | battle_forgotten_password_quest_2026-06-01_23-43-05_927.txt
2026-06-01 23:43:17.163 | Battle of Mystery Remote Batteries | card_e2e | battle_mystery_remote_batteries_2026-06-01_23-43-17_163.txt
2026-06-01 23:43:31.368 | Battle of Black Friday Cart Collision | card_e2e | battle_black_friday_cart_collision_2026-06-01_23-43-31_368.txt
2026-06-01 23:43:43.597 | Battle of Yoga Ball Catastrophe | card_e2e | battle_yoga_ball_catastrophe_2026-06-01_23-43-43_597.txt
2026-06-01 23:43:55.807 | Battle of Group Chat Meltdown | card_e2e | battle_group_chat_meltdown_2026-06-01_23-43-55_807.txt
2026-06-01 23:46:30.693 | Battle of Neighbor's Leaf Blower | card_e2e | battle_neighbors_leaf_blower_2026-06-01_23-46-30_693.txt
2026-06-01 23:46:42.908 | Battle of Spam Folder Adventure | card_e2e | battle_spam_folder_adventure_2026-06-01_23-46-42_908.txt
2026-06-01 23:46:54.103 | Battle of Silent Elevator Incident | card_e2e | battle_silent_elevator_incident_2026-06-01_23-46-54_103.txt
2026-06-01 23:47:08.322 | Battle of Office Microwave Incident | card_e2e | battle_office_microwave_incident_2026-06-01_23-47-08_322.txt
2026-06-01 23:47:20.550 | Battle of Basement Spider Negotiation | card_e2e | battle_basement_spider_negotiation_2026-06-01_23-47-20_551.txt
2026-06-01 23:47:32.794 | Battle of Junk Drawer Charger Hunt | card_e2e | battle_junk_drawer_charger_hunt_2026-06-01_23-47-32_794.txt
2026-06-01 23:47:45.027 | Battle of Zoom Cat Filter Forever | card_e2e | battle_zoom_cat_filter_forever_2026-06-01_23-47-45_027.txt
2026-06-01 23:48:32.177 | Battle of Frog's Kitchen | card_e2e | battle_frogs_kitchen_2026-06-01_23-48-32_177.txt
2026-06-01 23:48:46.703 | Battle of Cable Guy Time Window | card_e2e | battle_cable_guy_time_window_2026-06-01_23-48-46_703.txt
2026-06-01 23:48:58.900 | Battle of Slippery Banana Peel Protocol | card_e2e | battle_slippery_banana_peel_protocol_2026-06-01_23-48-58_900.txt
2026-06-01 23:49:10.138 | Battle of HOA Parking Dispute | card_e2e | battle_hoa_parking_dispute_2026-06-01_23-49-10_138.txt
2026-06-01 23:49:23.374 | Battle of Windshield Bug Stare-Down | card_e2e | battle_windshield_bug_stare_down_2026-06-01_23-49-23_374.txt
2026-06-01 23:49:35.577 | Battle of Grandpa's Hard Candy | card_e2e | battle_grandpas_hard_candy_2026-06-01_23-49-35_577.txt
2026-06-01 23:50:11.581 | Battle of Broken Elevator Blues | card_e2e | battle_broken_elevator_blues_2026-06-01_23-50-11_581.txt
2026-06-01 23:50:23.767 | Battle of Forgotten Password Quest | card_e2e | battle_forgotten_password_quest_2026-06-01_23-50-23_767.txt
2026-06-01 23:50:35.986 | Battle of Squirrel Guarding the Acorn | card_e2e | battle_squirrel_guarding_the_acorn_2026-06-01_23-50-35_986.txt
2026-06-01 23:50:49.346 | Battle of Bird Droppings | card_e2e | battle_bird_droppings_2026-06-01_23-50-49_346.txt
2026-06-01 23:51:02.534 | Battle of Yoga Ball Catastrophe | card_e2e | battle_yoga_ball_catastrophe_2026-06-01_23-51-02_534.txt
2026-06-01 23:51:14.749 | Battle of Low Battery Panic | card_e2e | battle_low_battery_panic_2026-06-01_23-51-14_749.txt
2026-06-01 23:51:23.496 | Battle of Basement Spider Negotiation | card_e2e | battle_basement_spider_negotiation_2026-06-01_23-51-23_496.txt
2026-06-01 23:51:31.381 | Battle of Blue Screen of Serenity | card_e2e | battle_blue_screen_of_serenity_2026-06-01_23-51-31_381.txt
2026-06-01 23:51:42.218 | Battle of Windshield Bug Stare-Down | card_e2e | battle_windshield_bug_stare_down_2026-06-01_23-51-42_218.txt
2026-06-01 23:52:09.560 | Battle of Mouse Pad Stickiness | card_e2e | battle_mouse_pad_stickiness_2026-06-01_23-52-09_560.txt
2026-06-01 23:52:20.467 | Battle of Static Electricity Handshake | card_e2e | battle_static_electricity_handshake_2026-06-01_23-52-20_467.txt
2026-06-01 23:52:27.866 | Battle of Slippery Banana Peel Protocol | card_e2e | battle_slippery_banana_peel_protocol_2026-06-01_23-52-27_866.txt
2026-06-01 23:53:01.735 | Battle of Static Electricity Handshake | card_e2e | battle_static_electricity_handshake_2026-06-01_23-53-01_735.txt
2026-06-01 23:53:30.552 | Battle of Kevin from HR's Potluck | card_e2e | battle_kevin_from_hrs_potluck_2026-06-01_23-53-30_552.txt
2026-06-01 23:53:39.229 | Battle of Basement Spider Negotiation | card_e2e | battle_basement_spider_negotiation_2026-06-01_23-53-39_229.txt
2026-06-01 23:53:46.620 | Battle of Roundabout Third Exit | card_e2e | battle_roundabout_third_exit_2026-06-01_23-53-46_620.txt
2026-06-01 23:53:55.384 | Battle of Wet Jeans Commute | card_e2e | battle_wet_jeans_commute_2026-06-01_23-53-55_384.txt
2026-06-01 23:54:01.841 | Battle of Angry Supermarket Clerk | card_e2e | battle_angry_supermarket_clerk_2026-06-01_23-54-01_841.txt
2026-06-01 23:54:08.267 | Battle of Mystery Stain on Couch | card_e2e | battle_mystery_stain_on_couch_2026-06-01_23-54-08_267.txt
2026-06-01 23:54:14.713 | Battle of Haunted Break Room | card_e2e | battle_haunted_break_room_2026-06-01_23-54-14_713.txt
2026-06-01 23:54:20.161 | Battle of Shirt Tag Itchiness | card_e2e | battle_shirt_tag_itchiness_2026-06-01_23-54-20_161.txt
2026-06-01 23:54:27.590 | Battle of Pop-Up Ad Uprising | card_e2e | battle_pop_up_ad_uprising_2026-06-01_23-54-27_590.txt
2026-06-01 23:54:33.023 | Battle of Reply All Disaster | card_e2e | battle_reply_all_disaster_2026-06-01_23-54-33_023.txt
2026-06-01 23:54:40.444 | Battle of Grandpa's Hard Candy | card_e2e | battle_grandpas_hard_candy_2026-06-01_23-54-40_444.txt
2026-06-01 23:54:46.843 | Battle of Moldy Lunchbox | card_e2e | battle_moldy_lunchbox_2026-06-01_23-54-46_843.txt
2026-06-01 23:54:53.297 | Battle of Discount Lasagna | card_e2e | battle_discount_lasagna_2026-06-01_23-54-53_297.txt
2026-06-01 23:54:59.782 | Battle of Break Room Passive Aggression | card_e2e | battle_break_room_passive_aggression_2026-06-01_23-54-59_782.txt
2026-06-01 23:55:06.270 | Battle of Silent Elevator Incident | card_e2e | battle_silent_elevator_incident_2026-06-01_23-55-06_270.txt
2026-06-01 23:55:12.698 | Battle of Dad Joke Showdown | card_e2e | battle_dad_joke_showdown_2026-06-01_23-55-12_698.txt
2026-06-01 23:55:18.150 | Battle of Wet Sock Avalanche | card_e2e | battle_wet_sock_avalanche_2026-06-01_23-55-18_150.txt
2026-06-01 23:55:25.608 | Battle of Kevin from HR's Potluck | card_e2e | battle_kevin_from_hrs_potluck_2026-06-01_23-55-25_608.txt
2026-06-01 23:55:31.995 | Battle of Windshield Bug Stare-Down | card_e2e | battle_windshield_bug_stare_down_2026-06-01_23-55-31_995.txt
2026-06-01 23:55:38.446 | Battle of Leftover Pizza Politics | card_e2e | battle_leftover_pizza_politics_2026-06-01_23-55-38_446.txt
2026-06-01 23:55:44.907 | Battle of Junk Drawer Charger Hunt | card_e2e | battle_junk_drawer_charger_hunt_2026-06-01_23-55-44_907.txt
2026-06-01 23:55:51.333 | Battle of Dust Bunny Kingdom | card_e2e | battle_dust_bunny_kingdom_2026-06-01_23-55-51_333.txt
2026-06-01 23:55:57.771 | Battle of Clippy's Revenge | card_e2e | battle_clippys_revenge_2026-06-01_23-55-57_771.txt
2026-06-01 23:56:04.234 | Battle of Printer Jam Apocalypse | card_e2e | battle_printer_jam_apocalypse_2026-06-01_23-56-04_234.txt
2026-06-01 23:56:10.682 | Battle of Mystery Stain on Couch | card_e2e | battle_mystery_stain_on_couch_2026-06-01_23-56-10_683.txt
2026-06-01 23:56:16.126 | Battle of Notification Avalanche | card_e2e | battle_notification_avalanche_2026-06-01_23-56-16_126.txt
2026-06-01 23:56:23.565 | Battle of Black Friday Cart Collision | card_e2e | battle_black_friday_cart_collision_2026-06-01_23-56-23_565.txt
2026-06-01 23:59:34.626 | Battle of Leftover Pizza Politics | card_e2e | battle_leftover_pizza_politics_2026-06-01_23-59-34_626.txt
2026-06-02 00:02:38.534 | Battle of Keyboard Crumb Archaeology | card_e2e | battle_keyboard_crumb_archaeology_2026-06-02_00-02-38_534.txt
2026-06-02 00:04:11.697 | Battle of Grandpa's Hard Candy | card_e2e | battle_grandpas_hard_candy_2026-06-02_00-04-11_697.txt
2026-06-02 00:06:36.992 | Battle of Frog's Kitchen | card_e2e | battle_frogs_kitchen_2026-06-02_00-06-36_992.txt
2026-06-02 00:09:16.999 | Battle of Roundabout Third Exit | card_e2e | battle_roundabout_third_exit_2026-06-02_00-09-16_999.txt
2026-06-02 00:12:22.129 | Battle of Parallel Parking Shame | card_e2e | battle_parallel_parking_shame_2026-06-02_00-12-22_129.txt
2026-06-02 00:15:49.149 | Battle of Haunted Break Room | card_e2e | battle_haunted_break_room_2026-06-02_00-15-49_149.txt
2026-06-02 00:18:25.803 | Battle of Black Friday Cart Collision | card_e2e | battle_black_friday_cart_collision_2026-06-02_00-18-25_803.txt
2026-06-02 00:20:55.956 | Battle of Blue Screen of Serenity | card_e2e | battle_blue_screen_of_serenity_2026-06-02_00-20-55_957.txt
2026-06-02 00:22:43.626 | Battle of Suspicious Meatball | card_e2e | battle_suspicious_meatball_2026-06-02_00-22-43_626.txt
2026-06-02 00:24:38.589 | Battle of Wet Jeans Commute | card_e2e | battle_wet_jeans_commute_2026-06-02_00-24-38_589.txt
2026-06-02 00:28:28.527 | Battle of Costco Sample Stampede | card_e2e | battle_costco_sample_stampede_2026-06-02_00-28-28_527.txt
2026-06-02 00:30:54.306 | Battle of Broken Elevator Blues | card_e2e | battle_broken_elevator_blues_2026-06-02_00-30-54_306.txt
2026-06-02 00:33:44.656 | Battle of Dryer Lint Monarchy | card_e2e | battle_dryer_lint_monarchy_2026-06-02_00-33-44_656.txt
2026-06-02 00:35:56.697 | Battle of Cat Hair Tornado | card_e2e | battle_cat_hair_tornado_2026-06-02_00-35-56_697.txt
2026-06-02 00:38:34.589 | Battle of Mystery Stain on Couch | card_e2e | battle_mystery_stain_on_couch_2026-06-02_00-38-34_589.txt
2026-06-02 00:40:57.490 | Battle of Zoom Cat Filter Forever | card_e2e | battle_zoom_cat_filter_forever_2026-06-02_00-40-57_490.txt
2026-06-02 00:43:57.718 | Battle of Mystery Meatloaf | card_e2e | battle_mystery_meatloaf_2026-06-02_00-43-57_718.txt
2026-06-02 00:47:10.400 | Battle of Squirrel Guarding the Acorn | card_e2e | battle_squirrel_guarding_the_acorn_2026-06-02_00-47-10_400.txt
2026-06-02 00:48:47.491 | Battle of Autocorrect Apology Tour | card_e2e | battle_autocorrect_apology_tour_2026-06-02_00-48-47_491.txt
2026-06-02 00:51:35.663 | Battle of Haunted Break Room | card_e2e | battle_haunted_break_room_2026-06-02_00-51-35_663.txt
2026-06-02 00:54:39.390 | Battle of Neighbor's Leaf Blower | card_e2e | battle_neighbors_leaf_blower_2026-06-02_00-54-39_390.txt
2026-06-02 00:58:15.348 | Battle of Moldy Lunchbox | card_e2e | battle_moldy_lunchbox_2026-06-02_00-58-15_348.txt
2026-06-02 01:00:38.078 | Battle of Terms and Conditions Marathon | card_e2e | battle_terms_and_conditions_marathon_2026-06-02_01-00-38_078.txt
2026-06-02 01:03:11.605 | Battle of Parking Lot Seagull | card_e2e | battle_parking_lot_seagull_2026-06-02_01-03-11_605.txt
2026-06-02 01:05:29.300 | Battle of Black Friday Cart Collision | card_e2e | battle_black_friday_cart_collision_2026-06-02_01-05-29_300.txt
2026-06-02 01:08:08.250 | Battle of Loading Spinner Eternity | card_e2e | battle_loading_spinner_eternity_2026-06-02_01-08-08_250.txt
2026-06-02 01:10:48.585 | Battle of Uncle Barry's Basement | card_e2e | battle_uncle_barrys_basement_2026-06-02_01-10-48_585.txt
2026-06-02 01:14:14.913 | Battle of Mystery Stain on Couch | card_e2e | battle_mystery_stain_on_couch_2026-06-02_01-14-14_913.txt
2026-06-02 01:16:59.250 | Battle of Roundabout Third Exit | card_e2e | battle_roundabout_third_exit_2026-06-02_01-16-59_250.txt
2026-06-02 01:19:42.857 | Battle of Windshield Bug Stare-Down | card_e2e | battle_windshield_bug_stare_down_2026-06-02_01-19-42_857.txt
2026-06-02 01:22:22.679 | Battle of Printer Jam Apocalypse | card_e2e | battle_printer_jam_apocalypse_2026-06-02_01-22-22_679.txt
2026-06-02 01:24:24.949 | Battle of Junk Drawer Charger Hunt | card_e2e | battle_junk_drawer_charger_hunt_2026-06-02_01-24-24_949.txt
2026-06-02 01:27:08.609 | Battle of Frog's Kitchen | card_e2e | battle_frogs_kitchen_2026-06-02_01-27-08_609.txt
2026-06-02 01:28:31.581 | Battle of Break Room Passive Aggression | card_e2e | battle_break_room_passive_aggression_2026-06-02_01-28-31_581.txt
