2026-06-01 17:41:06.697 | Battle of Notification Avalanche | card_e2e | battle_notification_avalanche_2026-06-01_17-41-06_697.txt
2026-06-01 17:43:40.087 | Battle of Neighbor's Leaf Blower | card_e2e | battle_neighbors_leaf_blower_2026-06-01_17-43-40_087.txt
2026-06-01 17:43:52.289 | Battle of Spam Folder Adventure | card_e2e | battle_spam_folder_adventure_2026-06-01_17-43-52_289.txt
2026-06-01 17:44:04.497 | Battle of Sneezing Panda | card_e2e | battle_sneezing_panda_2026-06-01_17-44-04_497.txt
2026-06-01 17:44:17.689 | Battle of Cat Hair Tornado | card_e2e | battle_cat_hair_tornado_2026-06-01_17-44-17_689.txt
2026-06-01 17:44:23.132 | Battle of Suspicious Meatball | card_e2e | battle_suspicious_meatball_2026-06-01_17-44-23_132.txt
2026-06-01 17:44:35.315 | Battle of Suspicious Meatball | card_e2e | battle_suspicious_meatball_2026-06-01_17-44-35_315.txt
2026-06-01 17:44:48.637 | Battle of Spam Folder Adventure | card_e2e | battle_spam_folder_adventure_2026-06-01_17-44-48_637.txt
2026-06-01 17:45:01.871 | Battle of Soggy Cereal Rebellion | card_e2e | battle_soggy_cereal_rebellion_2026-06-01_17-45-01_871.txt
2026-06-01 17:45:14.390 | Battle of Junk Drawer Charger Hunt | card_e2e | battle_junk_drawer_charger_hunt_2026-06-01_17-45-14_390.txt
2026-06-01 17:45:26.628 | Battle of Discount Lasagna | card_e2e | battle_discount_lasagna_2026-06-01_17-45-26_628.txt
2026-06-01 17:45:40.980 | Battle of Wet Jeans Commute | card_e2e | battle_wet_jeans_commute_2026-06-01_17-45-40_980.txt
2026-06-01 17:48:03.722 | Battle of Captcha Purgatory | card_e2e | battle_captcha_purgatory_2026-06-01_17-48-03_722.txt
2026-06-01 17:48:15.912 | Battle of Junk Drawer Charger Hunt | card_e2e | battle_junk_drawer_charger_hunt_2026-06-01_17-48-15_912.txt
2026-06-01 17:48:28.138 | Battle of Angry Supermarket Clerk | card_e2e | battle_angry_supermarket_clerk_2026-06-01_17-48-28_138.txt
2026-06-01 17:48:40.341 | Battle of Windy Day Hair Crisis | card_e2e | battle_windy_day_hair_crisis_2026-06-01_17-48-40_341.txt
2026-06-01 17:48:53.538 | Battle of Roundabout Third Exit | card_e2e | battle_roundabout_third_exit_2026-06-01_17-48-53_538.txt
2026-06-01 17:49:06.779 | Battle of Low Battery Panic | card_e2e | battle_low_battery_panic_2026-06-01_17-49-06_779.txt
2026-06-01 17:49:18.013 | Battle of Parking Lot Seagull | card_e2e | battle_parking_lot_seagull_2026-06-01_17-49-18_013.txt
2026-06-01 17:49:30.246 | Battle of Squirrel Guarding the Acorn | card_e2e | battle_squirrel_guarding_the_acorn_2026-06-01_17-49-30_246.txt
2026-06-01 17:51:48.536 | Battle of Captcha Purgatory | card_e2e | battle_captcha_purgatory_2026-06-01_17-51-48_536.txt
2026-06-01 17:52:01.740 | Battle of Parallel Parking Shame | card_e2e | battle_parallel_parking_shame_2026-06-01_17-52-01_740.txt
2026-06-01 17:52:13.317 | Battle of Moldy Lunchbox | card_e2e | battle_moldy_lunchbox_2026-06-01_17-52-13_317.txt
2026-06-01 17:56:02.818 | Battle of Notification Avalanche | card_e2e | battle_notification_avalanche_2026-06-01_17-56-02_818.txt
2026-06-01 17:56:14.050 | Battle of Gary's Fish Stick Legacy | card_e2e | battle_garys_fish_stick_legacy_2026-06-01_17-56-14_050.txt
2026-06-01 17:56:26.261 | Battle of Grandma Fart | card_e2e | battle_grandma_fart_2026-06-01_17-56-26_261.txt
2026-06-01 17:56:37.817 | Battle of Windshield Bug Stare-Down | card_e2e | battle_windshield_bug_stare_down_2026-06-01_17-56-37_817.txt
2026-06-01 17:56:49.049 | Battle of Garage Sale Treasure Hunt | card_e2e | battle_garage_sale_treasure_hunt_2026-06-01_17-56-49_049.txt
2026-06-01 17:57:01.267 | Battle of Angry Supermarket Clerk | card_e2e | battle_angry_supermarket_clerk_2026-06-01_17-57-01_267.txt
2026-06-01 17:57:14.580 | Battle of Leftover Pizza Politics | card_e2e | battle_leftover_pizza_politics_2026-06-01_17-57-14_580.txt
2026-06-01 17:57:27.814 | Battle of Shirt Tag Itchiness | card_e2e | battle_shirt_tag_itchiness_2026-06-01_17-57-27_814.txt
2026-06-01 17:59:01.992 | Battle of Clippy's Revenge | card_e2e | battle_clippys_revenge_2026-06-01_17-59-01_992.txt
2026-06-01 17:59:13.205 | Battle of Grandma Fart | card_e2e | battle_grandma_fart_2026-06-01_17-59-13_205.txt
2026-06-01 18:02:12.993 | Battle of Clippy's Revenge | card_e2e | battle_clippys_revenge_2026-06-01_18-02-12_993.txt
2026-06-01 18:04:26.720 | Battle of Mystery Remote Batteries | card_e2e | battle_mystery_remote_batteries_2026-06-01_18-04-26_720.txt
2026-06-01 18:06:49.622 | Battle of HOA Parking Dispute | card_e2e | battle_hoa_parking_dispute_2026-06-01_18-06-49_622.txt
2026-06-01 18:07:45.844 | Battle of Cat Hair Tornado | card_e2e | battle_cat_hair_tornado_2026-06-01_18-07-45_844.txt
2026-06-01 18:07:55.374 | Battle of Umbrella Inside Out | card_e2e | battle_umbrella_inside_out_2026-06-01_18-07-55_374.txt
2026-06-01 18:08:08.554 | Battle of Haunted Break Room | card_e2e | battle_haunted_break_room_2026-06-01_18-08-08_554.txt
2026-06-01 18:08:34.560 | Battle of Junk Drawer Charger Hunt | card_e2e | battle_junk_drawer_charger_hunt_2026-06-01_18-08-34_560.txt
2026-06-01 18:08:47.769 | Battle of Costco Sample Stampede | card_e2e | battle_costco_sample_stampede_2026-06-01_18-08-47_769.txt
2026-06-01 18:08:59.004 | Battle of Static Electricity Handshake | card_e2e | battle_static_electricity_handshake_2026-06-01_18-08-59_004.txt
2026-06-01 18:09:30.404 | Battle of Yoga Ball Catastrophe | card_e2e | battle_yoga_ball_catastrophe_2026-06-01_18-09-30_404.txt
2026-06-01 18:09:42.515 | Battle of Pickle Jar Incident | card_e2e | battle_pickle_jar_incident_2026-06-01_18-09-42_515.txt
2026-06-01 18:10:54.230 | Battle of Garage Sale Treasure Hunt | card_e2e | battle_garage_sale_treasure_hunt_2026-06-01_18-10-54_230.txt
2026-06-01 18:11:06.426 | Battle of Wet Jeans Commute | card_e2e | battle_wet_jeans_commute_2026-06-01_18-11-06_426.txt
2026-06-01 18:11:18.611 | Battle of Basement Spider Negotiation | card_e2e | battle_basement_spider_negotiation_2026-06-01_18-11-18_611.txt
2026-06-01 18:11:29.141 | Battle of Low Battery Panic | card_e2e | battle_low_battery_panic_2026-06-01_18-11-29_141.txt
2026-06-01 18:11:41.285 | Battle of Todd's Standing Desk | card_e2e | battle_todds_standing_desk_2026-06-01_18-11-41_285.txt
2026-06-01 18:11:53.526 | Battle of Greasy Keyboard | card_e2e | battle_greasy_keyboard_2026-06-01_18-11-53_526.txt
2026-06-01 18:12:07.795 | Battle of Soggy Cereal Rebellion | card_e2e | battle_soggy_cereal_rebellion_2026-06-01_18-12-07_795.txt
2026-06-01 18:12:19.999 | Battle of Zoom Cat Filter Forever | card_e2e | battle_zoom_cat_filter_forever_2026-06-01_18-12-19_999.txt
2026-06-01 18:12:31.185 | Battle of Rogue Roomba Rampage | card_e2e | battle_rogue_roomba_rampage_2026-06-01_18-12-31_185.txt
2026-06-01 18:12:43.385 | Battle of Kevin from HR's Potluck | card_e2e | battle_kevin_from_hrs_potluck_2026-06-01_18-12-43_385.txt
2026-06-01 18:12:56.610 | Battle of Cat Hair Tornado | card_e2e | battle_cat_hair_tornado_2026-06-01_18-12-56_610.txt
2026-06-01 18:13:11.568 | Battle of Mouse Pad Stickiness | card_e2e | battle_mouse_pad_stickiness_2026-06-01_18-13-11_568.txt
2026-06-01 18:14:01.725 | Battle of Greasy Keyboard | card_e2e | battle_greasy_keyboard_2026-06-01_18-14-01_725.txt
2026-06-01 18:14:13.956 | Battle of Wet Sock Avalanche | card_e2e | battle_wet_sock_avalanche_2026-06-01_18-14-13_956.txt
2026-06-01 18:16:15.644 | Battle of Moldy Lunchbox | card_e2e | battle_moldy_lunchbox_2026-06-01_18-16-15_644.txt
2026-06-01 18:16:28.851 | Battle of Loading Spinner Eternity | card_e2e | battle_loading_spinner_eternity_2026-06-01_18-16-28_851.txt
2026-06-01 18:19:50.084 | Battle of Sneezing Panda | card_e2e | battle_sneezing_panda_2026-06-01_18-19-50_084.txt
2026-06-01 18:21:04.068 | Battle of The Conference Room Smell | card_e2e | battle_the_conference_room_smell_2026-06-01_18-21-04_068.txt
2026-06-01 18:21:16.225 | Battle of HOA Parking Dispute | card_e2e | battle_hoa_parking_dispute_2026-06-01_18-21-16_225.txt
2026-06-01 18:21:29.562 | Battle of Mystery Remote Batteries | card_e2e | battle_mystery_remote_batteries_2026-06-01_18-21-29_562.txt
2026-06-01 18:21:42.785 | Battle of Pop-Up Ad Uprising | card_e2e | battle_pop_up_ad_uprising_2026-06-01_18-21-42_785.txt
2026-06-01 18:21:54.019 | Battle of PTA Bake Sale Brawl | card_e2e | battle_pta_bake_sale_brawl_2026-06-01_18-21-54_019.txt
2026-06-01 18:22:06.173 | Battle of Umbrella Inside Out | card_e2e | battle_umbrella_inside_out_2026-06-01_18-22-06_173.txt
2026-06-01 18:22:19.339 | Battle of Greasy Keyboard | card_e2e | battle_greasy_keyboard_2026-06-01_18-22-19_339.txt
2026-06-01 18:22:31.529 | Battle of Mystery Remote Batteries | card_e2e | battle_mystery_remote_batteries_2026-06-01_18-22-31_529.txt
2026-06-01 18:22:45.707 | Battle of Yoga Ball Catastrophe | card_e2e | battle_yoga_ball_catastrophe_2026-06-01_18-22-45_707.txt
2026-06-01 18:22:57.935 | Battle of HOA Parking Dispute | card_e2e | battle_hoa_parking_dispute_2026-06-01_18-22-57_935.txt
2026-06-01 18:23:10.287 | Battle of Keyboard Crumb Archaeology | card_e2e | battle_keyboard_crumb_archaeology_2026-06-01_18-23-10_287.txt
2026-06-01 18:23:22.510 | Battle of Loading Spinner Eternity | card_e2e | battle_loading_spinner_eternity_2026-06-01_18-23-22_510.txt
2026-06-01 18:23:36.755 | Battle of Yoga Ball Catastrophe | card_e2e | battle_yoga_ball_catastrophe_2026-06-01_18-23-36_755.txt
2026-06-01 18:24:05.598 | Battle of Silent Elevator Incident | card_e2e | battle_silent_elevator_incident_2026-06-01_18-24-05_598.txt
2026-06-01 18:24:18.809 | Battle of Notification Avalanche | card_e2e | battle_notification_avalanche_2026-06-01_18-24-18_809.txt
2026-06-01 18:24:30.024 | Battle of Spilled Iced Coffee | card_e2e | battle_spilled_iced_coffee_2026-06-01_18-24-30_024.txt
2026-06-01 18:27:46.508 | Battle of Angry Supermarket Clerk | card_e2e | battle_angry_supermarket_clerk_2026-06-01_18-27-46_508.txt
2026-06-01 18:27:59.751 | Battle of Mouse Pad Stickiness | card_e2e | battle_mouse_pad_stickiness_2026-06-01_18-27-59_751.txt
2026-06-01 18:30:47.835 | Battle of PTA Bake Sale Brawl | card_e2e | battle_pta_bake_sale_brawl_2026-06-01_18-30-47_835.txt
2026-06-01 18:30:59.078 | Battle of Grandpa's Hard Candy | card_e2e | battle_grandpas_hard_candy_2026-06-01_18-30-59_078.txt
2026-06-01 18:31:12.262 | Battle of Sticky Vending Machine | card_e2e | battle_sticky_vending_machine_2026-06-01_18-31-12_262.txt
2026-06-01 18:34:19.576 | Battle of Forgotten Password Quest | card_e2e | battle_forgotten_password_quest_2026-06-01_18-34-19_577.txt
2026-06-01 18:34:32.765 | Battle of Junk Drawer Charger Hunt | card_e2e | battle_junk_drawer_charger_hunt_2026-06-01_18-34-32_765.txt
2026-06-01 18:34:44.956 | Battle of Burnt Toast Uprising | card_e2e | battle_burnt_toast_uprising_2026-06-01_18-34-44_956.txt
2026-06-01 18:34:56.142 | Battle of HOA Parking Dispute | card_e2e | battle_hoa_parking_dispute_2026-06-01_18-34-56_142.txt
2026-06-01 18:35:09.356 | Battle of Zoom Cat Filter Forever | card_e2e | battle_zoom_cat_filter_forever_2026-06-01_18-35-09_356.txt
2026-06-01 18:35:21.540 | Battle of Runaway Shopping Cart | card_e2e | battle_runaway_shopping_cart_2026-06-01_18-35-21_540.txt
2026-06-01 18:35:34.717 | Battle of Spilled Iced Coffee | card_e2e | battle_spilled_iced_coffee_2026-06-01_18-35-34_717.txt
2026-06-01 18:38:05.577 | Battle of Reply All Disaster | card_e2e | battle_reply_all_disaster_2026-06-01_18-38-05_577.txt
2026-06-01 18:38:18.780 | Battle of Zoom Cat Filter Forever | card_e2e | battle_zoom_cat_filter_forever_2026-06-01_18-38-18_780.txt
2026-06-01 18:38:30.999 | Battle of Spilled Iced Coffee | card_e2e | battle_spilled_iced_coffee_2026-06-01_18-38-30_999.txt
2026-06-01 18:38:43.233 | Battle of Black Friday Cart Collision | card_e2e | battle_black_friday_cart_collision_2026-06-01_18-38-43_233.txt
2026-06-01 18:38:55.422 | Battle of Low Battery Panic | card_e2e | battle_low_battery_panic_2026-06-01_18-38-55_422.txt
2026-06-01 18:39:07.601 | Battle of Cable Guy Time Window | card_e2e | battle_cable_guy_time_window_2026-06-01_18-39-07_601.txt
2026-06-01 18:39:21.841 | Battle of Pop-Up Ad Uprising | card_e2e | battle_pop_up_ad_uprising_2026-06-01_18-39-21_841.txt
2026-06-01 18:41:57.019 | Battle of Sneezing Panda | card_e2e | battle_sneezing_panda_2026-06-01_18-41-57_019.txt
2026-06-01 18:42:10.536 | Battle of Captcha Purgatory | card_e2e | battle_captcha_purgatory_2026-06-01_18-42-10_536.txt
2026-06-01 18:42:23.726 | Battle of Grandma Fart | card_e2e | battle_grandma_fart_2026-06-01_18-42-23_726.txt
2026-06-01 18:42:35.909 | Battle of Dad Joke Showdown | card_e2e | battle_dad_joke_showdown_2026-06-01_18-42-35_909.txt
2026-06-01 18:42:47.162 | Battle of Discount Lasagna | card_e2e | battle_discount_lasagna_2026-06-01_18-42-47_162.txt
2026-06-01 18:42:59.392 | Battle of Burnt Toast Uprising | card_e2e | battle_burnt_toast_uprising_2026-06-01_18-42-59_392.txt
2026-06-01 18:43:12.581 | Battle of Junk Drawer Charger Hunt | card_e2e | battle_junk_drawer_charger_hunt_2026-06-01_18-43-12_581.txt
2026-06-01 18:43:25.820 | Battle of Suburban Sprinkler War | card_e2e | battle_suburban_sprinkler_war_2026-06-01_18-43-25_821.txt
2026-06-01 18:43:37.042 | Battle of Mystery Meatloaf | card_e2e | battle_mystery_meatloaf_2026-06-01_18-43-37_042.txt
2026-06-01 18:46:09.910 | Battle of Janice's Essential Oils | card_e2e | battle_janices_essential_oils_2026-06-01_18-46-09_910.txt
2026-06-01 18:46:22.111 | Battle of Captcha Purgatory | card_e2e | battle_captcha_purgatory_2026-06-01_18-46-22_111.txt
2026-06-01 18:46:34.339 | Battle of Pop-Up Ad Uprising | card_e2e | battle_pop_up_ad_uprising_2026-06-01_18-46-34_339.txt
2026-06-01 18:47:11.680 | Battle of Cat Hair Tornado | card_e2e | battle_cat_hair_tornado_2026-06-01_18-47-11_680.txt
2026-06-01 18:47:18.566 | Battle of Clippy's Revenge | card_e2e | battle_clippys_revenge_2026-06-01_18-47-18_566.txt
2026-06-01 18:47:29.382 | Battle of Forgotten Password Quest | card_e2e | battle_forgotten_password_quest_2026-06-01_18-47-29_382.txt
2026-06-01 18:48:37.353 | Battle of Spam Folder Adventure | card_e2e | battle_spam_folder_adventure_2026-06-01_18-48-37_354.txt
2026-06-01 18:48:48.242 | Battle of Slippery Banana Peel Protocol | card_e2e | battle_slippery_banana_peel_protocol_2026-06-01_18-48-48_242.txt
2026-06-01 18:50:21.011 | Battle of Cat Hair Tornado | card_e2e | battle_cat_hair_tornado_2026-06-01_18-50-21_011.txt
2026-06-01 18:51:09.446 | Battle of Printer Jam Apocalypse | card_e2e | battle_printer_jam_apocalypse_2026-06-01_18-51-09_446.txt
2026-06-01 18:52:13.450 | Battle of Neighbor's Leaf Blower | card_e2e | battle_neighbors_leaf_blower_2026-06-01_18-52-13_450.txt
2026-06-01 18:52:22.131 | Battle of Low Battery Panic | card_e2e | battle_low_battery_panic_2026-06-01_18-52-22_131.txt
2026-06-01 18:52:29.513 | Battle of Group Chat Meltdown | card_e2e | battle_group_chat_meltdown_2026-06-01_18-52-29_513.txt
2026-06-01 18:54:45.136 | Battle of Cable Guy Time Window | card_e2e | battle_cable_guy_time_window_2026-06-01_18-54-45_136.txt
2026-06-01 18:56:48.887 | Battle of Kevin from HR's Potluck | card_e2e | battle_kevin_from_hrs_potluck_2026-06-01_18-56-48_887.txt
2026-06-01 18:58:32.132 | Battle of Todd's Standing Desk | card_e2e | battle_todds_standing_desk_2026-06-01_18-58-32_132.txt
2026-06-01 18:59:26.852 | Battle of Sneezing Panda | card_e2e | battle_sneezing_panda_2026-06-01_18-59-26_852.txt
2026-06-01 19:00:46.113 | Battle of Zoom Cat Filter Forever | card_e2e | battle_zoom_cat_filter_forever_2026-06-01_19-00-46_114.txt
2026-06-01 19:02:13.368 | Battle of Office Microwave Incident | card_e2e | battle_office_microwave_incident_2026-06-01_19-02-13_368.txt
2026-06-01 19:04:24.018 | Battle of Break Room Passive Aggression | card_e2e | battle_break_room_passive_aggression_2026-06-01_19-04-24_018.txt
2026-06-01 19:05:12.158 | Battle of Grandma Fart | card_e2e | battle_grandma_fart_2026-06-01_19-05-12_158.txt
2026-06-01 19:06:54.554 | Battle of Clippy's Revenge | card_e2e | battle_clippys_revenge_2026-06-01_19-06-54_554.txt
2026-06-01 19:08:56.309 | Battle of Captcha Purgatory | card_e2e | battle_captcha_purgatory_2026-06-01_19-08-56_309.txt
2026-06-01 19:11:52.610 | Battle of Office Microwave Incident | card_e2e | battle_office_microwave_incident_2026-06-01_19-11-52_610.txt
2026-06-01 19:14:29.691 | Battle of HOA Parking Dispute | card_e2e | battle_hoa_parking_dispute_2026-06-01_19-14-29_691.txt
2026-06-01 19:17:04.406 | Battle of Suspicious Meatball | card_e2e | battle_suspicious_meatball_2026-06-01_19-17-04_406.txt
2026-06-01 19:17:39.402 | Battle of Costco Sample Stampede | card_e2e | battle_costco_sample_stampede_2026-06-01_19-17-39_402.txt
2026-06-01 19:20:09.908 | Battle of Aunt Edna's Meatloaf | card_e2e | battle_aunt_ednas_meatloaf_2026-06-01_19-20-09_908.txt
2026-06-01 19:20:46.227 | Battle of Todd's Standing Desk | card_e2e | battle_todds_standing_desk_2026-06-01_19-20-46_227.txt
2026-06-01 19:22:38.117 | Battle of Office Microwave Incident | card_e2e | battle_office_microwave_incident_2026-06-01_19-22-38_117.txt
2026-06-01 19:24:15.482 | Battle of Sticky Vending Machine | card_e2e | battle_sticky_vending_machine_2026-06-01_19-24-15_482.txt
2026-06-01 19:27:10.396 | Battle of Leftover Pizza Politics | card_e2e | battle_leftover_pizza_politics_2026-06-01_19-27-10_396.txt
2026-06-01 19:28:09.648 | Battle of Runaway Shopping Cart | card_e2e | battle_runaway_shopping_cart_2026-06-01_19-28-09_648.txt
2026-06-01 19:30:24.588 | Battle of Roundabout Third Exit | card_e2e | battle_roundabout_third_exit_2026-06-01_19-30-24_588.txt
2026-06-01 19:31:54.635 | Battle of Keyboard Crumb Archaeology | card_e2e | battle_keyboard_crumb_archaeology_2026-06-01_19-31-54_635.txt
2026-06-01 19:35:08.937 | Battle of Parking Lot Seagull | card_e2e | battle_parking_lot_seagull_2026-06-01_19-35-08_937.txt
2026-06-01 19:36:24.619 | Battle of Junk Drawer Charger Hunt | card_e2e | battle_junk_drawer_charger_hunt_2026-06-01_19-36-24_619.txt
2026-06-01 19:38:20.472 | Battle of Wet Sock Avalanche | card_e2e | battle_wet_sock_avalanche_2026-06-01_19-38-20_472.txt
2026-06-01 19:38:26.003 | Battle of Rogue Roomba Rampage | card_e2e | battle_rogue_roomba_rampage_2026-06-01_19-38-26_003.txt
2026-06-01 19:41:04.773 | Battle of Gary's Fish Stick Legacy | card_e2e | battle_garys_fish_stick_legacy_2026-06-01_19-41-04_773.txt
2026-06-01 19:43:13.059 | Battle of Squirrel Guarding the Acorn | card_e2e | battle_squirrel_guarding_the_acorn_2026-06-01_19-43-13_059.txt
2026-06-01 19:43:20.114 | Battle of Spam Folder Adventure | card_e2e | battle_spam_folder_adventure_2026-06-01_19-43-20_114.txt
2026-06-01 19:43:27.181 | Battle of Pop-Up Ad Uprising | card_e2e | battle_pop_up_ad_uprising_2026-06-01_19-43-27_181.txt
2026-06-01 19:43:33.658 | Battle of Static Electricity Handshake | card_e2e | battle_static_electricity_handshake_2026-06-01_19-43-33_658.txt
2026-06-01 19:43:40.714 | Battle of Neighbor's Leaf Blower | card_e2e | battle_neighbors_leaf_blower_2026-06-01_19-43-40_714.txt
2026-06-01 19:43:47.701 | Battle of Dust Bunny Kingdom | card_e2e | battle_dust_bunny_kingdom_2026-06-01_19-43-47_701.txt
2026-06-01 19:43:54.732 | Battle of Haunted Break Room | card_e2e | battle_haunted_break_room_2026-06-01_19-43-54_732.txt
2026-06-01 19:47:09.961 | Battle of Captcha Purgatory | card_e2e | battle_captcha_purgatory_2026-06-01_19-47-09_961.txt
2026-06-01 19:47:14.496 | Battle of Spilled Iced Coffee | card_e2e | battle_spilled_iced_coffee_2026-06-01_19-47-14_496.txt
2026-06-01 19:47:20.027 | Battle of Angry Supermarket Clerk | card_e2e | battle_angry_supermarket_clerk_2026-06-01_19-47-20_027.txt
2026-06-01 19:47:25.541 | Battle of Break Room Passive Aggression | card_e2e | battle_break_room_passive_aggression_2026-06-01_19-47-25_541.txt
2026-06-01 19:50:14.657 | Battle of Printer Jam Apocalypse | card_e2e | battle_printer_jam_apocalypse_2026-06-01_19-50-14_657.txt
2026-06-01 19:50:21.723 | Battle of Aunt Edna's Meatloaf | card_e2e | battle_aunt_ednas_meatloaf_2026-06-01_19-50-21_723.txt
2026-06-01 19:53:15.660 | Battle of Notification Avalanche | card_e2e | battle_notification_avalanche_2026-06-01_19-53-15_661.txt
2026-06-01 19:56:09.038 | Battle of Captcha Purgatory | card_e2e | battle_captcha_purgatory_2026-06-01_19-56-09_038.txt
2026-06-01 19:58:44.558 | Battle of HOA Parking Dispute | card_e2e | battle_hoa_parking_dispute_2026-06-01_19-58-44_558.txt
2026-06-01 19:58:51.628 | Battle of The Missing Sock | card_e2e | battle_the_missing_sock_2026-06-01_19-58-51_628.txt
2026-06-01 20:01:37.264 | Battle of Low Battery Panic | card_e2e | battle_low_battery_panic_2026-06-01_20-01-37_264.txt
2026-06-01 20:01:44.329 | Battle of Group Chat Meltdown | card_e2e | battle_group_chat_meltdown_2026-06-01_20-01-44_330.txt
2026-06-01 20:01:51.355 | Battle of Uncle Barry's Basement | card_e2e | battle_uncle_barrys_basement_2026-06-01_20-01-51_355.txt
2026-06-01 20:01:58.399 | Battle of Blue Screen of Serenity | card_e2e | battle_blue_screen_of_serenity_2026-06-01_20-01-58_399.txt
2026-06-01 20:02:05.410 | Battle of Basement Spider Negotiation | card_e2e | battle_basement_spider_negotiation_2026-06-01_20-02-05_410.txt
2026-06-01 20:03:51.170 | Battle of Terms and Conditions Marathon | card_e2e | battle_terms_and_conditions_marathon_2026-06-01_20-03-51_170.txt
2026-06-01 20:03:57.702 | Battle of HOA Parking Dispute | card_e2e | battle_hoa_parking_dispute_2026-06-01_20-03-57_702.txt
2026-06-01 20:05:52.106 | Battle of PTA Bake Sale Brawl | card_e2e | battle_pta_bake_sale_brawl_2026-06-01_20-05-52_106.txt
2026-06-01 20:05:59.139 | Battle of Dad Joke Showdown | card_e2e | battle_dad_joke_showdown_2026-06-01_20-05-59_139.txt
2026-06-01 20:06:06.118 | Battle of Wet Sock Avalanche | card_e2e | battle_wet_sock_avalanche_2026-06-01_20-06-06_118.txt
2026-06-01 20:06:12.662 | Battle of Parallel Parking Shame | card_e2e | battle_parallel_parking_shame_2026-06-01_20-06-12_662.txt
2026-06-01 20:08:15.438 | Battle of Group Chat Meltdown | card_e2e | battle_group_chat_meltdown_2026-06-01_20-08-15_438.txt
2026-06-01 20:08:22.480 | Battle of Break Room Passive Aggression | card_e2e | battle_break_room_passive_aggression_2026-06-01_20-08-22_480.txt
2026-06-01 20:08:29.586 | Battle of Captcha Purgatory | card_e2e | battle_captcha_purgatory_2026-06-01_20-08-29_586.txt
2026-06-01 20:08:36.608 | Battle of Pickle Jar Incident | card_e2e | battle_pickle_jar_incident_2026-06-01_20-08-36_608.txt
