2026-06-02 20:12:44.096 | Battle of The Conference Room Smell | card_e2e | battle_the_conference_room_smell_2026-06-02_20-12-44_096.txt
2026-06-02 20:13:02.687 | Battle of Dad Joke Showdown | card_e2e | battle_dad_joke_showdown_2026-06-02_20-13-02_687.txt
2026-06-02 20:13:15.628 | Battle of Captcha Purgatory | card_e2e | battle_captcha_purgatory_2026-06-02_20-13-15_628.txt
2026-06-02 20:13:27.551 | Battle of Forgotten Password Quest | card_e2e | battle_forgotten_password_quest_2026-06-02_20-13-27_551.txt
2026-06-02 20:13:39.550 | Battle of Reply All Disaster | card_e2e | battle_reply_all_disaster_2026-06-02_20-13-39_550.txt
2026-06-02 20:16:35.162 | Battle of Clippy's Revenge | card_e2e | battle_clippys_revenge_2026-06-02_20-16-35_162.txt
2026-06-02 20:16:47.085 | Battle of Sticky Vending Machine | card_e2e | battle_sticky_vending_machine_2026-06-02_20-16-47_085.txt
2026-06-02 20:16:59.965 | Battle of Uncle Barry's Basement | card_e2e | battle_uncle_barrys_basement_2026-06-02_20-16-59_965.txt
2026-06-02 20:17:11.873 | Battle of Broken Elevator Blues | card_e2e | battle_broken_elevator_blues_2026-06-02_20-17-11_873.txt
2026-06-02 20:17:23.838 | Battle of Parking Lot Seagull | card_e2e | battle_parking_lot_seagull_2026-06-02_20-17-23_838.txt
2026-06-02 20:17:36.017 | Battle of Low Battery Panic | card_e2e | battle_low_battery_panic_2026-06-02_20-17-36_017.txt
2026-06-02 20:17:49.984 | Battle of Grandpa's Hard Candy | card_e2e | battle_grandpas_hard_candy_2026-06-02_20-17-49_984.txt
2026-06-02 20:18:02.862 | Battle of WiFi Router Funeral | card_e2e | battle_wifi_router_funeral_2026-06-02_20-18-02_862.txt
2026-06-02 20:18:14.761 | Battle of Wet Sock Avalanche | card_e2e | battle_wet_sock_avalanche_2026-06-02_20-18-14_761.txt
2026-06-02 20:18:27.663 | Battle of Dad Joke Showdown | card_e2e | battle_dad_joke_showdown_2026-06-02_20-18-27_663.txt
2026-06-02 20:18:39.656 | Battle of Suspicious Meatball | card_e2e | battle_suspicious_meatball_2026-06-02_20-18-39_656.txt
2026-06-02 20:18:50.516 | Battle of Windy Day Hair Crisis | card_e2e | battle_windy_day_hair_crisis_2026-06-02_20-18-50_516.txt
2026-06-02 20:19:02.446 | Battle of Kevin from HR's Potluck | card_e2e | battle_kevin_from_hrs_potluck_2026-06-02_20-19-02_446.txt
2026-06-02 20:19:14.431 | Battle of Block Party Flamingo | card_e2e | battle_block_party_flamingo_2026-06-02_20-19-14_431.txt
2026-06-02 20:19:26.299 | Battle of Static Electricity Handshake | card_e2e | battle_static_electricity_handshake_2026-06-02_20-19-26_299.txt
2026-06-02 20:19:39.499 | Battle of Junk Drawer Charger Hunt | card_e2e | battle_junk_drawer_charger_hunt_2026-06-02_20-19-39_499.txt
2026-06-02 20:22:29.692 | Battle of Autocorrect Apology Tour | card_e2e | battle_autocorrect_apology_tour_2026-06-02_20-22-29_692.txt
2026-06-02 20:25:15.417 | Battle of Slippery Banana Peel Protocol | card_e2e | battle_slippery_banana_peel_protocol_2026-06-02_20-25-15_417.txt
2026-06-02 20:25:27.262 | Battle of Shirt Tag Itchiness | card_e2e | battle_shirt_tag_itchiness_2026-06-02_20-25-27_262.txt
2026-06-02 20:25:39.249 | Battle of Spam Folder Adventure | card_e2e | battle_spam_folder_adventure_2026-06-02_20-25-39_249.txt
2026-06-02 20:25:51.274 | Battle of Windy Day Hair Crisis | card_e2e | battle_windy_day_hair_crisis_2026-06-02_20-25-51_274.txt
2026-06-02 20:26:03.129 | Battle of Forgotten Password Quest | card_e2e | battle_forgotten_password_quest_2026-06-02_20-26-03_129.txt
2026-06-02 20:28:39.895 | Battle of Garage Sale Treasure Hunt | card_e2e | battle_garage_sale_treasure_hunt_2026-06-02_20-28-39_895.txt
2026-06-02 20:28:51.849 | Battle of WiFi Router Funeral | card_e2e | battle_wifi_router_funeral_2026-06-02_20-28-51_849.txt
2026-06-02 20:29:03.720 | Battle of Loading Spinner Eternity | card_e2e | battle_loading_spinner_eternity_2026-06-02_20-29-03_720.txt
2026-06-02 20:29:15.632 | Battle of Reply All Disaster | card_e2e | battle_reply_all_disaster_2026-06-02_20-29-15_632.txt
2026-06-02 20:29:21.985 | Battle of HOA Parking Dispute | card_e2e | battle_hoa_parking_dispute_2026-06-02_20-29-21_985.txt
2026-06-02 20:29:33.983 | Battle of Mouse Pad Stickiness | card_e2e | battle_mouse_pad_stickiness_2026-06-02_20-29-33_983.txt
2026-06-02 20:29:46.983 | Battle of Wet Jeans Commute | card_e2e | battle_wet_jeans_commute_2026-06-02_20-29-46_983.txt
2026-06-02 20:29:58.853 | Battle of Gary's Fish Stick Legacy | card_e2e | battle_garys_fish_stick_legacy_2026-06-02_20-29-58_853.txt
2026-06-02 20:30:11.182 | Battle of Broken Elevator Blues | card_e2e | battle_broken_elevator_blues_2026-06-02_20-30-11_182.txt
2026-06-02 20:30:23.133 | Battle of Silent Elevator Incident | card_e2e | battle_silent_elevator_incident_2026-06-02_20-30-23_133.txt
2026-06-02 20:30:36.117 | Battle of Squirrel Guarding the Acorn | card_e2e | battle_squirrel_guarding_the_acorn_2026-06-02_20-30-36_117.txt
2026-06-02 20:33:05.190 | Battle of Forgotten Password Quest | card_e2e | battle_forgotten_password_quest_2026-06-02_20-33-05_190.txt
2026-06-02 20:33:17.262 | Battle of Roundabout Third Exit | card_e2e | battle_roundabout_third_exit_2026-06-02_20-33-17_262.txt
2026-06-02 20:33:30.240 | Battle of The Conference Room Smell | card_e2e | battle_the_conference_room_smell_2026-06-02_20-33-30_240.txt
2026-06-02 20:33:42.214 | Battle of Loading Spinner Eternity | card_e2e | battle_loading_spinner_eternity_2026-06-02_20-33-42_214.txt
2026-06-02 20:33:55.061 | Battle of Pop-Up Ad Uprising | card_e2e | battle_pop_up_ad_uprising_2026-06-02_20-33-55_061.txt
2026-06-02 20:34:07.038 | Battle of Captcha Purgatory | card_e2e | battle_captcha_purgatory_2026-06-02_20-34-07_038.txt
