2026-06-01 15:58:55.268 | Battle of Cat Hair Tornado | card_e2e | battle_cat_hair_tornado_2026-06-01_15-58-55_268.txt
2026-06-01 16:01:23.167 | Battle of Basement Spider Negotiation | card_e2e | battle_basement_spider_negotiation_2026-06-01_16-01-23_167.txt
2026-06-01 16:04:12.276 | Battle of Blue Screen of Serenity | card_e2e | battle_blue_screen_of_serenity_2026-06-01_16-04-12_276.txt
2026-06-01 16:06:26.627 | Battle of Mystery Remote Batteries | card_e2e | battle_mystery_remote_batteries_2026-06-01_16-06-26_627.txt
2026-06-01 16:11:03.780 | Battle of The Conference Room Smell | card_e2e | battle_the_conference_room_smell_2026-06-01_16-11-03_780.txt
2026-06-01 16:13:40.791 | Battle of Slippery Banana Peel Protocol | card_e2e | battle_slippery_banana_peel_protocol_2026-06-01_16-13-40_791.txt
2026-06-01 16:16:16.575 | Battle of Neighbor's Leaf Blower | card_e2e | battle_neighbors_leaf_blower_2026-06-01_16-16-16_575.txt
2026-06-01 16:17:47.048 | Battle of Burnt Toast Uprising | card_e2e | battle_burnt_toast_uprising_2026-06-01_16-17-47_048.txt
2026-06-01 16:22:36.455 | Battle of Rogue Roomba Rampage | card_e2e | battle_rogue_roomba_rampage_2026-06-01_16-22-36_455.txt
2026-06-01 16:25:40.263 | Battle of Haunted Break Room | card_e2e | battle_haunted_break_room_2026-06-01_16-25-40_263.txt
2026-06-01 16:27:41.800 | Battle of Clippy's Revenge | card_e2e | battle_clippys_revenge_2026-06-01_16-27-41_800.txt
2026-06-01 16:30:36.629 | Battle of Pickle Jar Incident | card_e2e | battle_pickle_jar_incident_2026-06-01_16-30-36_629.txt
2026-06-01 16:33:03.598 | Battle of Aunt Edna's Meatloaf | card_e2e | battle_aunt_ednas_meatloaf_2026-06-01_16-33-03_598.txt
2026-06-01 16:35:40.175 | Battle of Mystery Meatloaf | card_e2e | battle_mystery_meatloaf_2026-06-01_16-35-40_175.txt
2026-06-01 16:37:56.407 | Battle of Shirt Tag Itchiness | card_e2e | battle_shirt_tag_itchiness_2026-06-01_16-37-56_407.txt
2026-06-01 16:39:45.842 | Battle of Burnt Toast Uprising | card_e2e | battle_burnt_toast_uprising_2026-06-01_16-39-45_842.txt
2026-06-01 16:42:48.282 | Battle of Angry Supermarket Clerk | card_e2e | battle_angry_supermarket_clerk_2026-06-01_16-42-48_282.txt
2026-06-01 16:45:38.600 | Battle of Moldy Lunchbox | card_e2e | battle_moldy_lunchbox_2026-06-01_16-45-38_600.txt
2026-06-01 16:48:25.382 | Battle of Dad Joke Showdown | card_e2e | battle_dad_joke_showdown_2026-06-01_16-48-25_382.txt
2026-06-01 16:50:55.616 | Battle of Costco Sample Stampede | card_e2e | battle_costco_sample_stampede_2026-06-01_16-50-55_616.txt
2026-06-01 16:53:30.095 | Battle of Autocorrect Apology Tour | card_e2e | battle_autocorrect_apology_tour_2026-06-01_16-53-30_095.txt
2026-06-01 16:56:47.922 | Battle of WiFi Router Funeral | card_e2e | battle_wifi_router_funeral_2026-06-01_16-56-47_922.txt
2026-06-01 16:59:51.369 | Battle of Moldy Lunchbox | card_e2e | battle_moldy_lunchbox_2026-06-01_16-59-51_369.txt
2026-06-01 17:02:49.141 | Battle of Printer Jam Apocalypse | card_e2e | battle_printer_jam_apocalypse_2026-06-01_17-02-49_141.txt
2026-06-01 17:05:30.158 | Battle of Discount Lasagna | card_e2e | battle_discount_lasagna_2026-06-01_17-05-30_158.txt
2026-06-01 17:08:32.609 | Battle of Windy Day Hair Crisis | card_e2e | battle_windy_day_hair_crisis_2026-06-01_17-08-32_609.txt
2026-06-01 17:11:13.295 | Battle of Keyboard Crumb Archaeology | card_e2e | battle_keyboard_crumb_archaeology_2026-06-01_17-11-13_295.txt
2026-06-01 17:14:05.535 | Battle of Aunt Edna's Meatloaf | card_e2e | battle_aunt_ednas_meatloaf_2026-06-01_17-14-05_535.txt
2026-06-01 17:15:54.296 | Battle of Autocorrect Apology Tour | card_e2e | battle_autocorrect_apology_tour_2026-06-01_17-15-54_296.txt
2026-06-01 17:18:35.948 | Battle of HOA Parking Dispute | card_e2e | battle_hoa_parking_dispute_2026-06-01_17-18-35_948.txt
2026-06-01 17:21:38.905 | Battle of Low Battery Panic | card_e2e | battle_low_battery_panic_2026-06-01_17-21-38_905.txt
2026-06-01 17:24:02.297 | Battle of Terms and Conditions Marathon | card_e2e | battle_terms_and_conditions_marathon_2026-06-01_17-24-02_297.txt
2026-06-01 17:26:51.160 | Battle of Gary's Fish Stick Legacy | card_e2e | battle_garys_fish_stick_legacy_2026-06-01_17-26-51_160.txt
2026-06-01 17:29:45.613 | Battle of Suburban Sprinkler War | card_e2e | battle_suburban_sprinkler_war_2026-06-01_17-29-45_613.txt
2026-06-01 17:33:08.638 | Battle of Blue Screen of Serenity | card_e2e | battle_blue_screen_of_serenity_2026-06-01_17-33-08_638.txt
2026-06-01 17:37:43.040 | Battle of Uncle Barry's Basement | card_e2e | battle_uncle_barrys_basement_2026-06-01_17-37-43_040.txt
