2026-05-31 15:47:08.823 | Battle of Mystery Remote Batteries | ai_vs_ai | battle_mystery_remote_batteries_2026-05-31_15-47-08_823.txt
2026-05-31 15:48:22.119 | Battle of Spam Folder Adventure | ai_vs_ai | battle_spam_folder_adventure_2026-05-31_15-48-22_119.txt
2026-05-31 15:51:23.645 | Battle of Moldy Lunchbox | ai_vs_ai | battle_moldy_lunchbox_2026-05-31_15-51-23_645.txt
2026-05-31 15:53:26.639 | Battle of Dad Joke Showdown | ai_vs_ai | battle_dad_joke_showdown_2026-05-31_15-53-26_639.txt
2026-05-31 15:55:27.273 | Battle of Block Party Flamingo | ai_vs_ai | battle_block_party_flamingo_2026-05-31_15-55-27_273.txt
2026-05-31 15:57:05.791 | Battle of Block Party Flamingo | ai_vs_ai | battle_block_party_flamingo_2026-05-31_15-57-05_791.txt
2026-05-31 15:59:25.297 | Battle of Block Party Flamingo | ai_vs_ai | battle_block_party_flamingo_2026-05-31_15-59-25_297.txt
2026-05-31 16:02:28.979 | Battle of Break Room Passive Aggression | ai_vs_ai | battle_break_room_passive_aggression_2026-05-31_16-02-28_979.txt
2026-05-31 16:04:06.777 | Battle of Roundabout Third Exit | ai_vs_ai | battle_roundabout_third_exit_2026-05-31_16-04-06_777.txt
2026-05-31 16:06:00.152 | Battle of Cat Hair Tornado | ai_vs_ai | battle_cat_hair_tornado_2026-05-31_16-06-00_152.txt
2026-05-31 16:08:35.727 | Battle of Break Room Passive Aggression | ai_vs_ai | battle_break_room_passive_aggression_2026-05-31_16-08-35_727.txt
2026-05-31 16:10:55.308 | Battle of Reply All Disaster | ai_vs_ai | battle_reply_all_disaster_2026-05-31_16-10-55_308.txt
2026-05-31 16:13:00.895 | Battle of Umbrella Inside Out | ai_vs_ai | battle_umbrella_inside_out_2026-05-31_16-13-00_895.txt
2026-05-31 16:14:43.094 | Battle of Junk Drawer Charger Hunt | ai_vs_ai | battle_junk_drawer_charger_hunt_2026-05-31_16-14-43_094.txt
2026-05-31 16:16:21.765 | Battle of Terms and Conditions Marathon | ai_vs_ai | battle_terms_and_conditions_marathon_2026-05-31_16-16-21_765.txt
2026-05-31 16:17:46.041 | Battle of Basement Spider Negotiation | ai_vs_ai | battle_basement_spider_negotiation_2026-05-31_16-17-46_041.txt
2026-05-31 16:18:36.898 | Battle of Group Chat Meltdown | ai_vs_ai | battle_group_chat_meltdown_2026-05-31_16-18-36_898.txt
2026-05-31 16:19:55.416 | Battle of Sneezing Panda | ai_vs_ai | battle_sneezing_panda_2026-05-31_16-19-55_416.txt
2026-05-31 16:21:48.305 | Battle of Mystery Stain on Couch | ai_vs_ai | battle_mystery_stain_on_couch_2026-05-31_16-21-48_305.txt
2026-05-31 16:23:55.047 | Battle of Sneezing Panda | ai_vs_ai | battle_sneezing_panda_2026-05-31_16-23-55_047.txt
2026-05-31 16:25:24.260 | Battle of Wet Sock Avalanche | ai_vs_ai | battle_wet_sock_avalanche_2026-05-31_16-25-24_260.txt
2026-05-31 16:26:48.889 | Battle of Cat Hair Tornado | ai_vs_ai | battle_cat_hair_tornado_2026-05-31_16-26-48_889.txt
2026-05-31 16:29:41.831 | Battle of Neighbor's Leaf Blower | ai_vs_ai | battle_neighbors_leaf_blower_2026-05-31_16-29-41_831.txt
2026-05-31 16:31:35.039 | Battle of The Missing Sock | ai_vs_ai | battle_the_missing_sock_2026-05-31_16-31-35_039.txt
2026-05-31 16:32:46.641 | Battle of Reply All Disaster | ai_vs_ai | battle_reply_all_disaster_2026-05-31_16-32-46_641.txt
2026-05-31 16:35:06.840 | Battle of HOA Parking Dispute | ai_vs_ai | battle_hoa_parking_dispute_2026-05-31_16-35-06_840.txt
2026-05-31 16:36:34.265 | Battle of Neighbor's Leaf Blower | ai_vs_ai | battle_neighbors_leaf_blower_2026-05-31_16-36-34_265.txt
2026-05-31 16:38:19.000 | Battle of Angry Supermarket Clerk | ai_vs_ai | battle_angry_supermarket_clerk_2026-05-31_16-38-19_000.txt
2026-05-31 16:39:39.340 | Battle of The Conference Room Smell | ai_vs_ai | battle_the_conference_room_smell_2026-05-31_16-39-39_340.txt
2026-05-31 16:41:45.267 | Battle of Wet Sock Avalanche | ai_vs_ai | battle_wet_sock_avalanche_2026-05-31_16-41-45_267.txt
2026-05-31 16:43:48.427 | Battle of Mouse Pad Stickiness | ai_vs_ai | battle_mouse_pad_stickiness_2026-05-31_16-43-48_427.txt
2026-05-31 16:45:06.967 | Battle of New Shoe Blister March | ai_vs_ai | battle_new_shoe_blister_march_2026-05-31_16-45-06_967.txt
2026-05-31 16:47:25.160 | Battle of Terms and Conditions Marathon | ai_vs_ai | battle_terms_and_conditions_marathon_2026-05-31_16-47-25_160.txt
2026-05-31 16:50:20.736 | Battle of Neighbor's Leaf Blower | ai_vs_ai | battle_neighbors_leaf_blower_2026-05-31_16-50-20_736.txt
2026-05-31 16:52:47.757 | Battle of Grandpa's Hard Candy | ai_vs_ai | battle_grandpas_hard_candy_2026-05-31_16-52-47_757.txt
2026-05-31 16:53:43.322 | Battle of Basement Spider Negotiation | ai_vs_ai | battle_basement_spider_negotiation_2026-05-31_16-53-43_322.txt
2026-05-31 16:55:49.531 | Battle of Gary's Fish Stick Legacy | ai_vs_ai | battle_garys_fish_stick_legacy_2026-05-31_16-55-49_531.txt
2026-05-31 16:57:24.493 | Battle of HOA Parking Dispute | ai_vs_ai | battle_hoa_parking_dispute_2026-05-31_16-57-24_493.txt
2026-05-31 16:58:52.149 | Battle of Cable Guy Time Window | ai_vs_ai | battle_cable_guy_time_window_2026-05-31_16-58-52_149.txt
2026-05-31 17:00:55.226 | Battle of Garage Sale Treasure Hunt | ai_vs_ai | battle_garage_sale_treasure_hunt_2026-05-31_17-00-55_226.txt
2026-05-31 17:02:43.387 | Battle of Grandpa's Hard Candy | ai_vs_ai | battle_grandpas_hard_candy_2026-05-31_17-02-43_387.txt
2026-05-31 17:04:10.360 | Battle of Frog's Kitchen | ai_vs_ai | battle_frogs_kitchen_2026-05-31_17-04-10_360.txt
2026-05-31 17:05:47.425 | Battle of Runaway Shopping Cart | ai_vs_ai | battle_runaway_shopping_cart_2026-05-31_17-05-47_425.txt
2026-05-31 17:07:25.234 | Battle of Keyboard Crumb Archaeology | ai_vs_ai | battle_keyboard_crumb_archaeology_2026-05-31_17-07-25_234.txt
2026-05-31 17:08:46.224 | Battle of Roundabout Third Exit | ai_vs_ai | battle_roundabout_third_exit_2026-05-31_17-08-46_224.txt
2026-05-31 17:11:33.531 | Battle of Group Chat Meltdown | ai_vs_ai | battle_group_chat_meltdown_2026-05-31_17-11-33_531.txt
2026-05-31 17:13:44.128 | Battle of Group Chat Meltdown | ai_vs_ai | battle_group_chat_meltdown_2026-05-31_17-13-44_128.txt
2026-05-31 17:16:10.078 | Battle of Sneezing Panda | ai_vs_ai | battle_sneezing_panda_2026-05-31_17-16-10_078.txt
2026-05-31 17:18:49.437 | Battle of WiFi Router Funeral | ai_vs_ai | battle_wifi_router_funeral_2026-05-31_17-18-49_437.txt
2026-05-31 17:21:04.375 | Battle of Costco Sample Stampede | ai_vs_ai | battle_costco_sample_stampede_2026-05-31_17-21-04_375.txt
2026-05-31 17:24:39.977 | Battle of Soggy Cereal Rebellion | ai_vs_ai | battle_soggy_cereal_rebellion_2026-05-31_17-24-39_977.txt
2026-05-31 17:26:16.860 | Battle of Mystery Meatloaf | ai_vs_ai | battle_mystery_meatloaf_2026-05-31_17-26-16_860.txt
2026-05-31 17:27:32.925 | Battle of Frog's Kitchen | ai_vs_ai | battle_frogs_kitchen_2026-05-31_17-27-32_925.txt
2026-05-31 17:28:53.953 | Battle of New Shoe Blister March | ai_vs_ai | battle_new_shoe_blister_march_2026-05-31_17-28-53_953.txt
2026-05-31 17:31:00.273 | Battle of Mystery Stain on Couch | ai_vs_ai | battle_mystery_stain_on_couch_2026-05-31_17-31-00_273.txt
2026-05-31 17:32:54.484 | Battle of Umbrella Inside Out | ai_vs_ai | battle_umbrella_inside_out_2026-05-31_17-32-54_484.txt
2026-05-31 17:34:27.778 | Battle of Parallel Parking Shame | ai_vs_ai | battle_parallel_parking_shame_2026-05-31_17-34-27_778.txt
2026-05-31 17:36:04.441 | Battle of Clippy's Revenge | ai_vs_ai | battle_clippys_revenge_2026-05-31_17-36-04_441.txt
2026-05-31 17:37:54.710 | Battle of Garage Sale Treasure Hunt | ai_vs_ai | battle_garage_sale_treasure_hunt_2026-05-31_17-37-54_710.txt
2026-05-31 17:39:17.978 | Battle of Dust Bunny Kingdom | ai_vs_ai | battle_dust_bunny_kingdom_2026-05-31_17-39-17_978.txt
2026-05-31 17:41:18.285 | Battle of Grandpa's Hard Candy | ai_vs_ai | battle_grandpas_hard_candy_2026-05-31_17-41-18_285.txt
2026-05-31 17:42:36.109 | Battle of Zoom Cat Filter Forever | ai_vs_ai | battle_zoom_cat_filter_forever_2026-05-31_17-42-36_109.txt
2026-05-31 17:45:26.671 | Battle of Autocorrect Apology Tour | ai_vs_ai | battle_autocorrect_apology_tour_2026-05-31_17-45-26_671.txt
2026-05-31 17:46:51.285 | Battle of Slippery Banana Peel Protocol | ai_vs_ai | battle_slippery_banana_peel_protocol_2026-05-31_17-46-51_285.txt
2026-05-31 17:49:21.934 | Battle of Sticky Vending Machine | ai_vs_ai | battle_sticky_vending_machine_2026-05-31_17-49-21_934.txt
2026-05-31 17:51:49.278 | Battle of New Shoe Blister March | ai_vs_ai | battle_new_shoe_blister_march_2026-05-31_17-51-49_278.txt
2026-05-31 17:53:52.092 | Battle of Black Friday Cart Collision | ai_vs_ai | battle_black_friday_cart_collision_2026-05-31_17-53-52_092.txt
2026-05-31 17:55:45.283 | Battle of Leftover Pizza Politics | ai_vs_ai | battle_leftover_pizza_politics_2026-05-31_17-55-45_283.txt
2026-05-31 17:57:12.566 | Battle of Mouse Pad Stickiness | ai_vs_ai | battle_mouse_pad_stickiness_2026-05-31_17-57-12_566.txt
2026-05-31 17:59:48.061 | Battle of Autocorrect Apology Tour | ai_vs_ai | battle_autocorrect_apology_tour_2026-05-31_17-59-48_061.txt
2026-05-31 18:01:25.652 | Battle of Low Battery Panic | ai_vs_ai | battle_low_battery_panic_2026-05-31_18-01-25_652.txt
2026-05-31 18:04:07.796 | Battle of Office Microwave Incident | ai_vs_ai | battle_office_microwave_incident_2026-05-31_18-04-07_796.txt
2026-05-31 18:06:04.852 | Battle of Yoga Ball Catastrophe | ai_vs_ai | battle_yoga_ball_catastrophe_2026-05-31_18-06-04_852.txt
2026-05-31 18:08:05.853 | Battle of Costco Sample Stampede | ai_vs_ai | battle_costco_sample_stampede_2026-05-31_18-08-05_853.txt
2026-05-31 18:09:59.739 | Battle of Sneezing Panda | ai_vs_ai | battle_sneezing_panda_2026-05-31_18-09-59_739.txt
2026-05-31 18:12:55.781 | Battle of Aunt Edna's Meatloaf | ai_vs_ai | battle_aunt_ednas_meatloaf_2026-05-31_18-12-55_781.txt
2026-05-31 18:16:16.046 | Battle of PTA Bake Sale Brawl | ai_vs_ai | battle_pta_bake_sale_brawl_2026-05-31_18-16-16_046.txt
2026-05-31 18:18:23.573 | Battle of Printer Jam Apocalypse | ai_vs_ai | battle_printer_jam_apocalypse_2026-05-31_18-18-23_573.txt
2026-05-31 18:20:25.107 | Battle of Frog's Kitchen | ai_vs_ai | battle_frogs_kitchen_2026-05-31_18-20-25_107.txt
2026-05-31 18:23:35.981 | Battle of Garage Sale Treasure Hunt | ai_vs_ai | battle_garage_sale_treasure_hunt_2026-05-31_18-23-35_981.txt
2026-05-31 18:25:15.998 | Battle of Parking Lot Seagull | ai_vs_ai | battle_parking_lot_seagull_2026-05-31_18-25-15_998.txt
2026-05-31 18:27:36.999 | Battle of Burnt Toast Uprising | ai_vs_ai | battle_burnt_toast_uprising_2026-05-31_18-27-36_999.txt
2026-05-31 18:29:24.338 | Battle of Janice's Essential Oils | ai_vs_ai | battle_janices_essential_oils_2026-05-31_18-29-24_338.txt
2026-05-31 18:31:09.325 | Battle of Aunt Edna's Meatloaf | ai_vs_ai | battle_aunt_ednas_meatloaf_2026-05-31_18-31-09_325.txt
2026-05-31 18:32:23.378 | Battle of Wet Sock Avalanche | ai_vs_ai | battle_wet_sock_avalanche_2026-05-31_18-32-23_378.txt
2026-05-31 18:34:19.729 | Battle of The Conference Room Smell | ai_vs_ai | battle_the_conference_room_smell_2026-05-31_18-34-19_729.txt
2026-05-31 18:36:51.295 | Battle of Black Friday Cart Collision | ai_vs_ai | battle_black_friday_cart_collision_2026-05-31_18-36-51_295.txt
2026-05-31 18:38:56.902 | Battle of Terms and Conditions Marathon | ai_vs_ai | battle_terms_and_conditions_marathon_2026-05-31_18-38-56_902.txt
2026-05-31 18:41:03.398 | Battle of Wet Sock Avalanche | ai_vs_ai | battle_wet_sock_avalanche_2026-05-31_18-41-03_398.txt
2026-05-31 18:42:23.367 | Battle of Costco Sample Stampede | ai_vs_ai | battle_costco_sample_stampede_2026-05-31_18-42-23_368.txt
2026-05-31 18:44:46.813 | Battle of Discount Lasagna | ai_vs_ai | battle_discount_lasagna_2026-05-31_18-44-46_813.txt
2026-05-31 18:46:14.018 | Battle of Grandma Fart | ai_vs_ai | battle_grandma_fart_2026-05-31_18-46-14_019.txt
2026-05-31 18:47:35.561 | Battle of Aunt Edna's Meatloaf | ai_vs_ai | battle_aunt_ednas_meatloaf_2026-05-31_18-47-35_561.txt
2026-05-31 18:48:38.844 | Battle of Junk Drawer Charger Hunt | ai_vs_ai | battle_junk_drawer_charger_hunt_2026-05-31_18-48-38_844.txt
2026-05-31 18:50:27.142 | Battle of Windshield Bug Stare-Down | ai_vs_ai | battle_windshield_bug_stare_down_2026-05-31_18-50-27_142.txt
2026-05-31 18:52:45.792 | Battle of Haunted Break Room | ai_vs_ai | battle_haunted_break_room_2026-05-31_18-52-45_792.txt
2026-05-31 18:56:01.002 | Battle of Umbrella Inside Out | ai_vs_ai | battle_umbrella_inside_out_2026-05-31_18-56-01_002.txt
2026-05-31 18:57:41.831 | Battle of Grandpa's Hard Candy | ai_vs_ai | battle_grandpas_hard_candy_2026-05-31_18-57-41_831.txt
2026-05-31 18:59:51.431 | Battle of Greasy Keyboard | ai_vs_ai | battle_greasy_keyboard_2026-05-31_18-59-51_431.txt
2026-05-31 19:02:06.973 | Battle of Shirt Tag Itchiness | ai_vs_ai | battle_shirt_tag_itchiness_2026-05-31_19-02-06_973.txt
2026-05-31 19:04:01.540 | Battle of Sticky Vending Machine | ai_vs_ai | battle_sticky_vending_machine_2026-05-31_19-04-01_541.txt
2026-05-31 19:05:38.233 | Battle of Keyboard Crumb Archaeology | ai_vs_ai | battle_keyboard_crumb_archaeology_2026-05-31_19-05-38_233.txt
2026-05-31 19:07:54.609 | Battle of Haunted Break Room | ai_vs_ai | battle_haunted_break_room_2026-05-31_19-07-54_609.txt
2026-05-31 19:09:57.536 | Battle of Gary's Fish Stick Legacy | ai_vs_ai | battle_garys_fish_stick_legacy_2026-05-31_19-09-57_536.txt
2026-05-31 19:12:31.656 | Battle of Autocorrect Apology Tour | ai_vs_ai | battle_autocorrect_apology_tour_2026-05-31_19-12-31_656.txt
2026-05-31 19:14:20.455 | Battle of Greasy Keyboard | ai_vs_ai | battle_greasy_keyboard_2026-05-31_19-14-20_455.txt
2026-05-31 19:15:43.049 | Battle of Neighbor's Leaf Blower | ai_vs_ai | battle_neighbors_leaf_blower_2026-05-31_19-15-43_049.txt
2026-05-31 19:18:16.464 | Battle of Neighbor's Leaf Blower | ai_vs_ai | battle_neighbors_leaf_blower_2026-05-31_19-18-16_464.txt
2026-05-31 19:20:47.650 | Battle of Low Battery Panic | ai_vs_ai | battle_low_battery_panic_2026-05-31_19-20-47_650.txt
2026-05-31 19:22:25.393 | Battle of Bird Droppings | ai_vs_ai | battle_bird_droppings_2026-05-31_19-22-25_393.txt
2026-05-31 19:23:46.966 | Battle of Group Chat Meltdown | ai_vs_ai | battle_group_chat_meltdown_2026-05-31_19-23-46_966.txt
2026-05-31 19:25:48.592 | Battle of Black Friday Cart Collision | ai_vs_ai | battle_black_friday_cart_collision_2026-05-31_19-25-48_592.txt
2026-05-31 19:28:50.791 | Battle of Aunt Edna's Meatloaf | ai_vs_ai | battle_aunt_ednas_meatloaf_2026-05-31_19-28-50_791.txt
2026-05-31 19:31:12.208 | Battle of Garage Sale Treasure Hunt | ai_vs_ai | battle_garage_sale_treasure_hunt_2026-05-31_19-31-12_208.txt
2026-05-31 19:32:29.833 | Battle of Spam Folder Adventure | ai_vs_ai | battle_spam_folder_adventure_2026-05-31_19-32-29_833.txt
2026-05-31 19:35:30.773 | Battle of Cable Guy Time Window | ai_vs_ai | battle_cable_guy_time_window_2026-05-31_19-35-30_774.txt
2026-05-31 19:39:03.124 | Battle of Frog's Kitchen | ai_vs_ai | battle_frogs_kitchen_2026-05-31_19-39-03_125.txt
2026-05-31 19:39:58.562 | Battle of Grandpa's Hard Candy | ai_vs_ai | battle_grandpas_hard_candy_2026-05-31_19-39-58_562.txt
2026-05-31 19:43:29.874 | Battle of Greasy Keyboard | ai_vs_ai | battle_greasy_keyboard_2026-05-31_19-43-29_874.txt
2026-05-31 19:46:02.291 | Battle of Blue Screen of Serenity | ai_vs_ai | battle_blue_screen_of_serenity_2026-05-31_19-46-02_291.txt
2026-05-31 19:47:53.788 | Battle of Black Friday Cart Collision | ai_vs_ai | battle_black_friday_cart_collision_2026-05-31_19-47-53_788.txt
2026-05-31 19:49:27.213 | Battle of Kevin from HR's Potluck | ai_vs_ai | battle_kevin_from_hrs_potluck_2026-05-31_19-49-27_213.txt
2026-05-31 19:50:58.628 | Battle of Discount Lasagna | ai_vs_ai | battle_discount_lasagna_2026-05-31_19-50-58_629.txt
2026-05-31 19:53:28.065 | Battle of Gary's Fish Stick Legacy | ai_vs_ai | battle_garys_fish_stick_legacy_2026-05-31_19-53-28_065.txt
2026-05-31 19:55:33.553 | Battle of PTA Bake Sale Brawl | ai_vs_ai | battle_pta_bake_sale_brawl_2026-05-31_19-55-33_553.txt
2026-05-31 19:57:24.097 | Battle of WiFi Router Funeral | ai_vs_ai | battle_wifi_router_funeral_2026-05-31_19-57-24_097.txt
2026-05-31 20:00:01.533 | Battle of Suburban Sprinkler War | ai_vs_ai | battle_suburban_sprinkler_war_2026-05-31_20-00-01_534.txt
2026-05-31 20:02:14.476 | Battle of Mouse Pad Stickiness | ai_vs_ai | battle_mouse_pad_stickiness_2026-05-31_20-02-14_476.txt
2026-05-31 20:04:42.377 | Battle of Mystery Remote Batteries | ai_vs_ai | battle_mystery_remote_batteries_2026-05-31_20-04-42_377.txt
2026-05-31 20:06:26.357 | Battle of Runaway Shopping Cart | ai_vs_ai | battle_runaway_shopping_cart_2026-05-31_20-06-26_357.txt
2026-05-31 20:08:52.359 | Battle of Uncle Barry's Basement | ai_vs_ai | battle_uncle_barrys_basement_2026-05-31_20-08-52_359.txt
2026-05-31 20:10:41.157 | Battle of Discount Lasagna | ai_vs_ai | battle_discount_lasagna_2026-05-31_20-10-41_157.txt
2026-05-31 20:12:11.348 | Battle of Broken Elevator Blues | ai_vs_ai | battle_broken_elevator_blues_2026-05-31_20-12-11_348.txt
2026-05-31 20:13:34.745 | Battle of Frog's Kitchen | ai_vs_ai | battle_frogs_kitchen_2026-05-31_20-13-34_745.txt
2026-05-31 20:16:15.235 | Battle of Dust Bunny Kingdom | ai_vs_ai | battle_dust_bunny_kingdom_2026-05-31_20-16-15_235.txt
2026-05-31 20:18:56.873 | Battle of Sneezing Panda | ai_vs_ai | battle_sneezing_panda_2026-05-31_20-18-56_873.txt
2026-05-31 20:20:42.784 | Battle of Grandma Fart | ai_vs_ai | battle_grandma_fart_2026-05-31_20-20-42_784.txt
2026-05-31 20:22:44.464 | Battle of Windy Day Hair Crisis | ai_vs_ai | battle_windy_day_hair_crisis_2026-05-31_20-22-44_464.txt
2026-05-31 20:24:34.135 | Battle of Printer Jam Apocalypse | ai_vs_ai | battle_printer_jam_apocalypse_2026-05-31_20-24-34_135.txt
2026-05-31 20:26:50.949 | Battle of Static Electricity Handshake | ai_vs_ai | battle_static_electricity_handshake_2026-05-31_20-26-50_949.txt
2026-05-31 20:30:04.456 | Battle of The Conference Room Smell | ai_vs_ai | battle_the_conference_room_smell_2026-05-31_20-30-04_456.txt
2026-05-31 20:32:13.422 | Battle of Wet Sock Avalanche | ai_vs_ai | battle_wet_sock_avalanche_2026-05-31_20-32-13_422.txt
2026-05-31 20:34:19.500 | Battle of Clippy's Revenge | ai_vs_ai | battle_clippys_revenge_2026-05-31_20-34-19_500.txt
2026-05-31 20:36:07.874 | Battle of Bird Droppings | ai_vs_ai | battle_bird_droppings_2026-05-31_20-36-07_874.txt
2026-05-31 20:37:34.913 | Battle of Static Electricity Handshake | ai_vs_ai | battle_static_electricity_handshake_2026-05-31_20-37-34_913.txt
2026-05-31 20:39:40.594 | Battle of Gary's Fish Stick Legacy | ai_vs_ai | battle_garys_fish_stick_legacy_2026-05-31_20-39-40_594.txt
2026-05-31 20:42:06.193 | Battle of Roundabout Third Exit | ai_vs_ai | battle_roundabout_third_exit_2026-05-31_20-42-06_193.txt
2026-05-31 20:43:34.682 | Battle of Junk Drawer Charger Hunt | ai_vs_ai | battle_junk_drawer_charger_hunt_2026-05-31_20-43-34_682.txt
2026-05-31 20:45:41.282 | Battle of Slippery Banana Peel Protocol | ai_vs_ai | battle_slippery_banana_peel_protocol_2026-05-31_20-45-41_282.txt
2026-05-31 20:48:14.130 | Battle of Low Battery Panic | ai_vs_ai | battle_low_battery_panic_2026-05-31_20-48-14_130.txt
2026-05-31 20:50:46.597 | Battle of Neighbor's Leaf Blower | ai_vs_ai | battle_neighbors_leaf_blower_2026-05-31_20-50-46_597.txt
2026-05-31 20:52:01.210 | Battle of Pickle Jar Incident | ai_vs_ai | battle_pickle_jar_incident_2026-05-31_20-52-01_210.txt
2026-05-31 20:55:03.747 | Battle of Janice's Essential Oils | ai_vs_ai | battle_janices_essential_oils_2026-05-31_20-55-03_747.txt
2026-05-31 20:57:31.699 | Battle of The Missing Sock | ai_vs_ai | battle_the_missing_sock_2026-05-31_20-57-31_699.txt
2026-05-31 20:59:50.416 | Battle of Silent Elevator Incident | ai_vs_ai | battle_silent_elevator_incident_2026-05-31_20-59-50_416.txt
2026-05-31 21:02:20.477 | Battle of Squirrel Guarding the Acorn | ai_vs_ai | battle_squirrel_guarding_the_acorn_2026-05-31_21-02-20_478.txt
2026-05-31 21:04:30.148 | Battle of Angry Supermarket Clerk | ai_vs_ai | battle_angry_supermarket_clerk_2026-05-31_21-04-30_148.txt
2026-05-31 21:08:48.536 | Battle of Shirt Tag Itchiness | ai_vs_ai | battle_shirt_tag_itchiness_2026-05-31_21-08-48_536.txt
2026-05-31 21:10:15.770 | Battle of The Conference Room Smell | ai_vs_ai | battle_the_conference_room_smell_2026-05-31_21-10-15_770.txt
2026-05-31 21:12:15.102 | Battle of Umbrella Inside Out | ai_vs_ai | battle_umbrella_inside_out_2026-05-31_21-12-15_102.txt
2026-05-31 21:14:10.760 | Battle of Windshield Bug Stare-Down | ai_vs_ai | battle_windshield_bug_stare_down_2026-05-31_21-14-10_760.txt
2026-05-31 21:17:59.875 | Battle of Haunted Break Room | ai_vs_ai | battle_haunted_break_room_2026-05-31_21-17-59_875.txt
2026-05-31 21:19:24.407 | Battle of Suspicious Meatball | ai_vs_ai | battle_suspicious_meatball_2026-05-31_21-19-24_407.txt
2026-05-31 21:21:12.957 | Battle of Windshield Bug Stare-Down | ai_vs_ai | battle_windshield_bug_stare_down_2026-05-31_21-21-12_957.txt
2026-05-31 21:24:43.917 | Battle of Gary's Fish Stick Legacy | ai_vs_ai | battle_garys_fish_stick_legacy_2026-05-31_21-24-43_917.txt
2026-05-31 21:27:04.487 | Battle of Junk Drawer Charger Hunt | ai_vs_ai | battle_junk_drawer_charger_hunt_2026-05-31_21-27-04_487.txt
2026-05-31 21:28:44.315 | Battle of Mystery Meatloaf | ai_vs_ai | battle_mystery_meatloaf_2026-05-31_21-28-44_315.txt
2026-05-31 21:31:27.172 | Battle of Parallel Parking Shame | ai_vs_ai | battle_parallel_parking_shame_2026-05-31_21-31-27_172.txt
