2026-06-01 09:37:16.328 | Battle of Suspicious Meatball | card_e2e | battle_suspicious_meatball_2026-06-01_09-37-16_328.txt
2026-06-01 09:39:27.534 | Battle of Notification Avalanche | card_e2e | battle_notification_avalanche_2026-06-01_09-39-27_534.txt
2026-06-01 09:42:41.522 | Battle of Blue Screen of Serenity | card_e2e | battle_blue_screen_of_serenity_2026-06-01_09-42-41_522.txt
2026-06-01 09:45:20.502 | Battle of Captcha Purgatory | card_e2e | battle_captcha_purgatory_2026-06-01_09-45-20_502.txt
2026-06-01 09:48:01.543 | Battle of Suspicious Meatball | card_e2e | battle_suspicious_meatball_2026-06-01_09-48-01_543.txt
2026-06-01 09:49:54.769 | Battle of Kevin from HR's Potluck | card_e2e | battle_kevin_from_hrs_potluck_2026-06-01_09-49-54_769.txt
2026-06-01 09:53:05.295 | Battle of Grandpa's Hard Candy | card_e2e | battle_grandpas_hard_candy_2026-06-01_09-53-05_295.txt
2026-06-01 09:55:40.340 | Battle of Grandma Fart | card_e2e | battle_grandma_fart_2026-06-01_09-55-40_340.txt
2026-06-01 09:58:40.360 | Battle of Slippery Banana Peel Protocol | card_e2e | battle_slippery_banana_peel_protocol_2026-06-01_09-58-40_360.txt
2026-06-01 10:01:18.223 | Battle of PTA Bake Sale Brawl | card_e2e | battle_pta_bake_sale_brawl_2026-06-01_10-01-18_223.txt
2026-06-01 10:03:40.624 | Battle of WiFi Router Funeral | card_e2e | battle_wifi_router_funeral_2026-06-01_10-03-40_624.txt
2026-06-01 10:07:06.767 | Battle of Dryer Lint Monarchy | card_e2e | battle_dryer_lint_monarchy_2026-06-01_10-07-06_767.txt
2026-06-01 10:09:50.896 | Battle of Office Microwave Incident | card_e2e | battle_office_microwave_incident_2026-06-01_10-09-50_896.txt
2026-06-01 10:12:26.265 | Battle of Notification Avalanche | card_e2e | battle_notification_avalanche_2026-06-01_10-12-26_265.txt
2026-06-01 10:14:39.237 | Battle of Zoom Cat Filter Forever | card_e2e | battle_zoom_cat_filter_forever_2026-06-01_10-14-39_237.txt
2026-06-01 10:16:24.687 | Battle of Gary's Fish Stick Legacy | card_e2e | battle_garys_fish_stick_legacy_2026-06-01_10-16-24_687.txt
2026-06-01 10:18:52.790 | Battle of Suspicious Meatball | card_e2e | battle_suspicious_meatball_2026-06-01_10-18-52_790.txt
2026-06-01 10:22:11.802 | Battle of Silent Elevator Incident | card_e2e | battle_silent_elevator_incident_2026-06-01_10-22-11_802.txt
2026-06-01 10:24:34.598 | Battle of HOA Parking Dispute | card_e2e | battle_hoa_parking_dispute_2026-06-01_10-24-34_598.txt
2026-06-01 10:26:52.333 | Battle of Broken Elevator Blues | card_e2e | battle_broken_elevator_blues_2026-06-01_10-26-52_333.txt
2026-06-01 10:29:31.175 | Battle of Leftover Pizza Politics | card_e2e | battle_leftover_pizza_politics_2026-06-01_10-29-31_175.txt
2026-06-01 10:31:29.231 | Battle of Moldy Lunchbox | card_e2e | battle_moldy_lunchbox_2026-06-01_10-31-29_231.txt
2026-06-01 10:34:12.972 | Battle of Grandpa's Hard Candy | card_e2e | battle_grandpas_hard_candy_2026-06-01_10-34-12_972.txt
2026-06-01 10:36:37.093 | Battle of Block Party Flamingo | card_e2e | battle_block_party_flamingo_2026-06-01_10-36-37_093.txt
2026-06-01 10:38:23.964 | Battle of Office Microwave Incident | card_e2e | battle_office_microwave_incident_2026-06-01_10-38-23_964.txt
2026-06-01 10:40:21.284 | Battle of Windy Day Hair Crisis | card_e2e | battle_windy_day_hair_crisis_2026-06-01_10-40-21_284.txt
2026-06-01 10:42:33.136 | Battle of Office Microwave Incident | card_e2e | battle_office_microwave_incident_2026-06-01_10-42-33_136.txt
2026-06-01 10:45:25.233 | Battle of Moldy Lunchbox | card_e2e | battle_moldy_lunchbox_2026-06-01_10-45-25_233.txt
2026-06-01 10:48:38.349 | Battle of Rogue Roomba Rampage | card_e2e | battle_rogue_roomba_rampage_2026-06-01_10-48-38_349.txt
2026-06-01 10:50:54.092 | Battle of Rogue Roomba Rampage | card_e2e | battle_rogue_roomba_rampage_2026-06-01_10-50-54_092.txt
2026-06-01 10:53:27.112 | Battle of Silent Elevator Incident | card_e2e | battle_silent_elevator_incident_2026-06-01_10-53-27_112.txt
2026-06-01 10:55:48.731 | Battle of Rogue Roomba Rampage | card_e2e | battle_rogue_roomba_rampage_2026-06-01_10-55-48_731.txt
2026-06-01 10:58:35.953 | Battle of Loading Spinner Eternity | card_e2e | battle_loading_spinner_eternity_2026-06-01_10-58-35_953.txt
2026-06-01 11:00:04.823 | Battle of Mystery Stain on Couch | card_e2e | battle_mystery_stain_on_couch_2026-06-01_11-00-04_823.txt
2026-06-01 11:02:46.350 | Battle of Parking Lot Seagull | card_e2e | battle_parking_lot_seagull_2026-06-01_11-02-46_350.txt
2026-06-01 11:06:06.229 | Battle of Cable Guy Time Window | card_e2e | battle_cable_guy_time_window_2026-06-01_11-06-06_229.txt
