2026-06-02 15:29:11.071 | Battle of Parking Lot Seagull | card_e2e | battle_parking_lot_seagull_2026-06-02_15-29-11_071.txt
2026-06-02 15:29:29.648 | Battle of Grandma Fart | card_e2e | battle_grandma_fart_2026-06-02_15-29-29_648.txt
2026-06-02 15:32:08.871 | Battle of Cat Hair Tornado | card_e2e | battle_cat_hair_tornado_2026-06-02_15-32-08_871.txt
2026-06-02 15:32:20.820 | Battle of Moldy Lunchbox | card_e2e | battle_moldy_lunchbox_2026-06-02_15-32-20_820.txt
2026-06-02 15:32:32.676 | Battle of Discount Lasagna | card_e2e | battle_discount_lasagna_2026-06-02_15-32-32_676.txt
2026-06-02 15:36:32.604 | Battle of Group Chat Meltdown | card_e2e | battle_group_chat_meltdown_2026-06-02_15-36-32_604.txt
2026-06-02 15:36:44.446 | Battle of Discount Lasagna | card_e2e | battle_discount_lasagna_2026-06-02_15-36-44_446.txt
2026-06-02 15:36:56.351 | Battle of HOA Parking Dispute | card_e2e | battle_hoa_parking_dispute_2026-06-02_15-36-56_351.txt
2026-06-02 15:37:08.360 | Battle of Broken Elevator Blues | card_e2e | battle_broken_elevator_blues_2026-06-02_15-37-08_360.txt
2026-06-02 15:37:19.224 | Battle of Group Chat Meltdown | card_e2e | battle_group_chat_meltdown_2026-06-02_15-37-19_224.txt
2026-06-02 15:37:33.517 | Battle of Junk Drawer Charger Hunt | card_e2e | battle_junk_drawer_charger_hunt_2026-06-02_15-37-33_517.txt
2026-06-02 15:37:46.386 | Battle of Mouse Pad Stickiness | card_e2e | battle_mouse_pad_stickiness_2026-06-02_15-37-46_386.txt
2026-06-02 15:37:59.426 | Battle of Forgotten Password Quest | card_e2e | battle_forgotten_password_quest_2026-06-02_15-37-59_426.txt
2026-06-02 15:38:10.265 | Battle of Windshield Bug Stare-Down | card_e2e | battle_windshield_bug_stare_down_2026-06-02_15-38-10_265.txt
2026-06-02 15:38:23.161 | Battle of Dust Bunny Kingdom | card_e2e | battle_dust_bunny_kingdom_2026-06-02_15-38-23_161.txt
2026-06-02 15:38:35.034 | Battle of Mouse Pad Stickiness | card_e2e | battle_mouse_pad_stickiness_2026-06-02_15-38-35_034.txt
2026-06-02 15:38:47.029 | Battle of Janice's Essential Oils | card_e2e | battle_janices_essential_oils_2026-06-02_15-38-47_029.txt
2026-06-02 15:41:51.512 | Battle of Zoom Cat Filter Forever | card_e2e | battle_zoom_cat_filter_forever_2026-06-02_15-41-51_512.txt
2026-06-02 15:45:10.497 | Battle of Pickle Jar Incident | card_e2e | battle_pickle_jar_incident_2026-06-02_15-45-10_497.txt
2026-06-02 15:49:44.036 | Battle of Broken Elevator Blues | card_e2e | battle_broken_elevator_blues_2026-06-02_15-49-44_036.txt
2026-06-02 15:50:23.170 | Battle of Bird Droppings | card_e2e | battle_bird_droppings_2026-06-02_15-50-23_170.txt
2026-06-02 15:54:21.890 | Battle of Squirrel Guarding the Acorn | card_e2e | battle_squirrel_guarding_the_acorn_2026-06-02_15-54-21_890.txt
2026-06-02 15:58:51.498 | Battle of Bird Droppings | card_e2e | battle_bird_droppings_2026-06-02_15-58-51_498.txt
2026-06-02 15:59:03.423 | Battle of Windshield Bug Stare-Down | card_e2e | battle_windshield_bug_stare_down_2026-06-02_15-59-03_423.txt
2026-06-02 15:59:14.301 | Battle of Mystery Meatloaf | card_e2e | battle_mystery_meatloaf_2026-06-02_15-59-14_302.txt
2026-06-02 15:59:26.222 | Battle of Suburban Sprinkler War | card_e2e | battle_suburban_sprinkler_war_2026-06-02_15-59-26_222.txt
2026-06-02 15:59:38.159 | Battle of PTA Bake Sale Brawl | card_e2e | battle_pta_bake_sale_brawl_2026-06-02_15-59-38_159.txt
2026-06-02 16:02:31.126 | Battle of Kevin from HR's Potluck | card_e2e | battle_kevin_from_hrs_potluck_2026-06-02_16-02-31_126.txt
2026-06-02 16:02:43.956 | Battle of Sneezing Panda | card_e2e | battle_sneezing_panda_2026-06-02_16-02-43_956.txt
2026-06-02 16:02:55.949 | Battle of Notification Avalanche | card_e2e | battle_notification_avalanche_2026-06-02_16-02-55_949.txt
2026-06-02 16:03:07.773 | Battle of Soggy Cereal Rebellion | card_e2e | battle_soggy_cereal_rebellion_2026-06-02_16-03-07_773.txt
2026-06-02 16:03:13.084 | Battle of Neighbor's Leaf Blower | card_e2e | battle_neighbors_leaf_blower_2026-06-02_16-03-13_084.txt
2026-06-02 16:03:25.969 | Battle of Cable Guy Time Window | card_e2e | battle_cable_guy_time_window_2026-06-02_16-03-25_969.txt
2026-06-02 16:03:38.985 | Battle of Rogue Roomba Rampage | card_e2e | battle_rogue_roomba_rampage_2026-06-02_16-03-38_985.txt
2026-06-02 16:04:12.894 | Battle of Cable Guy Time Window | card_e2e | battle_cable_guy_time_window_2026-06-02_16-04-12_894.txt
2026-06-02 16:04:25.041 | Battle of Costco Sample Stampede | card_e2e | battle_costco_sample_stampede_2026-06-02_16-04-25_041.txt
2026-06-02 16:05:24.791 | Battle of New Shoe Blister March | card_e2e | battle_new_shoe_blister_march_2026-06-02_16-05-24_791.txt
2026-06-02 16:05:37.767 | Battle of Squirrel Guarding the Acorn | card_e2e | battle_squirrel_guarding_the_acorn_2026-06-02_16-05-37_767.txt
2026-06-02 16:09:29.630 | Battle of Costco Sample Stampede | card_e2e | battle_costco_sample_stampede_2026-06-02_16-09-29_630.txt
2026-06-02 16:09:41.461 | Battle of Haunted Break Room | card_e2e | battle_haunted_break_room_2026-06-02_16-09-41_461.txt
2026-06-02 16:09:54.452 | Battle of Mystery Meatloaf | card_e2e | battle_mystery_meatloaf_2026-06-02_16-09-54_452.txt
2026-06-02 16:10:06.413 | Battle of Janice's Essential Oils | card_e2e | battle_janices_essential_oils_2026-06-02_16-10-06_413.txt
2026-06-02 16:10:18.287 | Battle of Suspicious Meatball | card_e2e | battle_suspicious_meatball_2026-06-02_16-10-18_287.txt
2026-06-02 16:10:30.189 | Battle of Burnt Toast Uprising | card_e2e | battle_burnt_toast_uprising_2026-06-02_16-10-30_189.txt
2026-06-02 16:10:42.230 | Battle of Discount Lasagna | card_e2e | battle_discount_lasagna_2026-06-02_16-10-42_230.txt
2026-06-02 16:10:54.088 | Battle of Yoga Ball Catastrophe | card_e2e | battle_yoga_ball_catastrophe_2026-06-02_16-10-54_088.txt
2026-06-02 16:11:07.192 | Battle of Runaway Shopping Cart | card_e2e | battle_runaway_shopping_cart_2026-06-02_16-11-07_192.txt
2026-06-02 16:14:06.270 | Battle of Printer Jam Apocalypse | card_e2e | battle_printer_jam_apocalypse_2026-06-02_16-14-06_270.txt
2026-06-02 16:14:19.489 | Battle of New Shoe Blister March | card_e2e | battle_new_shoe_blister_march_2026-06-02_16-14-19_489.txt
2026-06-02 16:18:50.862 | Battle of Silent Elevator Incident | card_e2e | battle_silent_elevator_incident_2026-06-02_16-18-50_862.txt
2026-06-02 16:19:02.836 | Battle of Dust Bunny Kingdom | card_e2e | battle_dust_bunny_kingdom_2026-06-02_16-19-02_836.txt
2026-06-02 16:19:14.699 | Battle of Junk Drawer Charger Hunt | card_e2e | battle_junk_drawer_charger_hunt_2026-06-02_16-19-14_699.txt
2026-06-02 16:19:24.116 | Battle of Spilled Iced Coffee | card_e2e | battle_spilled_iced_coffee_2026-06-02_16-19-24_116.txt
2026-06-02 16:19:36.004 | Battle of Costco Sample Stampede | card_e2e | battle_costco_sample_stampede_2026-06-02_16-19-36_004.txt
2026-06-02 16:19:48.891 | Battle of Rogue Roomba Rampage | card_e2e | battle_rogue_roomba_rampage_2026-06-02_16-19-48_891.txt
2026-06-02 16:20:01.974 | Battle of Umbrella Inside Out | card_e2e | battle_umbrella_inside_out_2026-06-02_16-20-01_974.txt
2026-06-02 16:20:13.845 | Battle of Break Room Passive Aggression | card_e2e | battle_break_room_passive_aggression_2026-06-02_16-20-13_845.txt
2026-06-02 16:20:26.699 | Battle of Uncle Barry's Basement | card_e2e | battle_uncle_barrys_basement_2026-06-02_16-20-26_699.txt
2026-06-02 16:20:39.675 | Battle of Low Battery Panic | card_e2e | battle_low_battery_panic_2026-06-02_16-20-39_675.txt
2026-06-02 16:21:50.848 | Battle of Kevin from HR's Potluck | card_e2e | battle_kevin_from_hrs_potluck_2026-06-02_16-21-50_848.txt
2026-06-02 16:26:23.772 | Battle of Autocorrect Apology Tour | card_e2e | battle_autocorrect_apology_tour_2026-06-02_16-26-23_773.txt
2026-06-02 16:28:45.309 | Battle of Sticky Vending Machine | card_e2e | battle_sticky_vending_machine_2026-06-02_16-28-45_309.txt
2026-06-02 16:31:41.675 | Battle of The Missing Sock | card_e2e | battle_the_missing_sock_2026-06-02_16-31-41_675.txt
2026-06-02 16:31:51.118 | Battle of Black Friday Cart Collision | card_e2e | battle_black_friday_cart_collision_2026-06-02_16-31-51_118.txt
2026-06-02 16:32:04.950 | Battle of Pop-Up Ad Uprising | card_e2e | battle_pop_up_ad_uprising_2026-06-02_16-32-04_950.txt
2026-06-02 16:32:34.438 | Battle of Silent Elevator Incident | card_e2e | battle_silent_elevator_incident_2026-06-02_16-32-34_438.txt
2026-06-02 16:32:46.405 | Battle of Parallel Parking Shame | card_e2e | battle_parallel_parking_shame_2026-06-02_16-32-46_405.txt
2026-06-02 16:32:57.264 | Battle of Group Chat Meltdown | card_e2e | battle_group_chat_meltdown_2026-06-02_16-32-57_264.txt
2026-06-02 16:36:51.369 | Battle of PTA Bake Sale Brawl | card_e2e | battle_pta_bake_sale_brawl_2026-06-02_16-36-51_369.txt
2026-06-02 16:37:02.289 | Battle of Windy Day Hair Crisis | card_e2e | battle_windy_day_hair_crisis_2026-06-02_16-37-02_289.txt
2026-06-02 16:37:15.272 | Battle of Zoom Cat Filter Forever | card_e2e | battle_zoom_cat_filter_forever_2026-06-02_16-37-15_272.txt
2026-06-02 16:37:28.146 | Battle of Terms and Conditions Marathon | card_e2e | battle_terms_and_conditions_marathon_2026-06-02_16-37-28_146.txt
2026-06-02 16:37:40.992 | Battle of Keyboard Crumb Archaeology | card_e2e | battle_keyboard_crumb_archaeology_2026-06-02_16-37-40_992.txt
2026-06-02 16:37:51.399 | Battle of Kevin from HR's Potluck | card_e2e | battle_kevin_from_hrs_potluck_2026-06-02_16-37-51_399.txt
2026-06-02 16:38:02.190 | Battle of Greasy Keyboard | card_e2e | battle_greasy_keyboard_2026-06-02_16-38-02_190.txt
2026-06-02 16:38:14.110 | Battle of Block Party Flamingo | card_e2e | battle_block_party_flamingo_2026-06-02_16-38-14_110.txt
2026-06-02 16:38:27.005 | Battle of Wet Jeans Commute | card_e2e | battle_wet_jeans_commute_2026-06-02_16-38-27_005.txt
2026-06-02 16:38:39.972 | Battle of Roundabout Third Exit | card_e2e | battle_roundabout_third_exit_2026-06-02_16-38-39_972.txt
2026-06-02 16:38:51.833 | Battle of Suspicious Meatball | card_e2e | battle_suspicious_meatball_2026-06-02_16-38-51_833.txt
2026-06-02 16:39:03.716 | Battle of Rogue Roomba Rampage | card_e2e | battle_rogue_roomba_rampage_2026-06-02_16-39-03_716.txt
2026-06-02 16:39:16.714 | Battle of Wet Sock Avalanche | card_e2e | battle_wet_sock_avalanche_2026-06-02_16-39-16_714.txt
2026-06-02 16:39:31.383 | Battle of Dust Bunny Kingdom | card_e2e | battle_dust_bunny_kingdom_2026-06-02_16-39-31_383.txt
2026-06-02 16:39:44.399 | Battle of Static Electricity Handshake | card_e2e | battle_static_electricity_handshake_2026-06-02_16-39-44_399.txt
2026-06-02 16:39:56.369 | Battle of Janice's Essential Oils | card_e2e | battle_janices_essential_oils_2026-06-02_16-39-56_369.txt
2026-06-02 16:42:56.248 | Battle of Group Chat Meltdown | card_e2e | battle_group_chat_meltdown_2026-06-02_16-42-56_248.txt
2026-06-02 16:43:08.223 | Battle of Sticky Vending Machine | card_e2e | battle_sticky_vending_machine_2026-06-02_16-43-08_223.txt
2026-06-02 16:48:01.646 | Battle of Grandma Fart | card_e2e | battle_grandma_fart_2026-06-02_16-48-01_646.txt
2026-06-02 16:52:30.243 | Battle of Blue Screen of Serenity | card_e2e | battle_blue_screen_of_serenity_2026-06-02_16-52-30_243.txt
2026-06-02 16:52:42.119 | Battle of Costco Sample Stampede | card_e2e | battle_costco_sample_stampede_2026-06-02_16-52-42_119.txt
2026-06-02 16:52:55.198 | Battle of Black Friday Cart Collision | card_e2e | battle_black_friday_cart_collision_2026-06-02_16-52-55_198.txt
2026-06-02 16:53:07.075 | Battle of Broken Elevator Blues | card_e2e | battle_broken_elevator_blues_2026-06-02_16-53-07_075.txt
2026-06-02 16:53:19.979 | Battle of Autocorrect Apology Tour | card_e2e | battle_autocorrect_apology_tour_2026-06-02_16-53-19_979.txt
2026-06-02 16:53:31.913 | Battle of Cable Guy Time Window | card_e2e | battle_cable_guy_time_window_2026-06-02_16-53-31_913.txt
2026-06-02 16:53:44.815 | Battle of Windy Day Hair Crisis | card_e2e | battle_windy_day_hair_crisis_2026-06-02_16-53-44_815.txt
2026-06-02 16:58:22.258 | Battle of Leftover Pizza Politics | card_e2e | battle_leftover_pizza_politics_2026-06-02_16-58-22_258.txt
2026-06-02 16:58:35.078 | Battle of Blue Screen of Serenity | card_e2e | battle_blue_screen_of_serenity_2026-06-02_16-58-35_078.txt
2026-06-02 16:59:43.374 | Battle of Suspicious Meatball | card_e2e | battle_suspicious_meatball_2026-06-02_16-59-43_374.txt
2026-06-02 16:59:56.431 | Battle of New Shoe Blister March | card_e2e | battle_new_shoe_blister_march_2026-06-02_16-59-56_431.txt
2026-06-02 17:00:08.329 | Battle of Group Chat Meltdown | card_e2e | battle_group_chat_meltdown_2026-06-02_17-00-08_329.txt
2026-06-02 17:00:20.229 | Battle of Grandpa's Hard Candy | card_e2e | battle_grandpas_hard_candy_2026-06-02_17-00-20_229.txt
2026-06-02 17:00:51.433 | Battle of Kevin from HR's Potluck | card_e2e | battle_kevin_from_hrs_potluck_2026-06-02_17-00-51_433.txt
2026-06-02 17:01:02.277 | Battle of Broken Elevator Blues | card_e2e | battle_broken_elevator_blues_2026-06-02_17-01-02_277.txt
2026-06-02 17:01:14.272 | Battle of Spam Folder Adventure | card_e2e | battle_spam_folder_adventure_2026-06-02_17-01-14_272.txt
2026-06-02 17:05:19.222 | Battle of Mystery Stain on Couch | card_e2e | battle_mystery_stain_on_couch_2026-06-02_17-05-19_222.txt
2026-06-02 17:05:31.080 | Battle of Mouse Pad Stickiness | card_e2e | battle_mouse_pad_stickiness_2026-06-02_17-05-31_080.txt
2026-06-02 17:08:29.968 | Battle of Blue Screen of Serenity | card_e2e | battle_blue_screen_of_serenity_2026-06-02_17-08-29_968.txt
2026-06-02 17:08:41.800 | Battle of Reply All Disaster | card_e2e | battle_reply_all_disaster_2026-06-02_17-08-41_800.txt
2026-06-02 17:08:54.811 | Battle of Mystery Stain on Couch | card_e2e | battle_mystery_stain_on_couch_2026-06-02_17-08-54_811.txt
2026-06-02 17:09:07.836 | Battle of Janice's Essential Oils | card_e2e | battle_janices_essential_oils_2026-06-02_17-09-07_836.txt
2026-06-02 17:09:19.727 | Battle of Parking Lot Seagull | card_e2e | battle_parking_lot_seagull_2026-06-02_17-09-19_727.txt
2026-06-02 17:09:31.683 | Battle of Sticky Vending Machine | card_e2e | battle_sticky_vending_machine_2026-06-02_17-09-31_683.txt
2026-06-02 17:09:43.578 | Battle of Spam Folder Adventure | card_e2e | battle_spam_folder_adventure_2026-06-02_17-09-43_578.txt
2026-06-02 17:11:19.627 | Battle of The Conference Room Smell | card_e2e | battle_the_conference_room_smell_2026-06-02_17-11-19_627.txt
2026-06-02 17:11:31.520 | Battle of Suburban Sprinkler War | card_e2e | battle_suburban_sprinkler_war_2026-06-02_17-11-31_520.txt
2026-06-02 17:11:43.506 | Battle of The Missing Sock | card_e2e | battle_the_missing_sock_2026-06-02_17-11-43_506.txt
2026-06-02 17:14:41.186 | Battle of Terms and Conditions Marathon | card_e2e | battle_terms_and_conditions_marathon_2026-06-02_17-14-41_186.txt
2026-06-02 17:14:53.045 | Battle of Low Battery Panic | card_e2e | battle_low_battery_panic_2026-06-02_17-14-53_045.txt
2026-06-02 17:15:05.022 | Battle of Junk Drawer Charger Hunt | card_e2e | battle_junk_drawer_charger_hunt_2026-06-02_17-15-05_022.txt
2026-06-02 17:15:18.918 | Battle of Yoga Ball Catastrophe | card_e2e | battle_yoga_ball_catastrophe_2026-06-02_17-15-18_918.txt
2026-06-02 17:15:30.789 | Battle of Windshield Bug Stare-Down | card_e2e | battle_windshield_bug_stare_down_2026-06-02_17-15-30_789.txt
2026-06-02 17:15:42.783 | Battle of Wet Sock Avalanche | card_e2e | battle_wet_sock_avalanche_2026-06-02_17-15-42_783.txt
2026-06-02 17:15:55.680 | Battle of Wet Sock Avalanche | card_e2e | battle_wet_sock_avalanche_2026-06-02_17-15-55_680.txt
2026-06-02 17:16:29.537 | Battle of Frog's Kitchen | card_e2e | battle_frogs_kitchen_2026-06-02_17-16-29_537.txt
2026-06-02 17:16:42.779 | Battle of Black Friday Cart Collision | card_e2e | battle_black_friday_cart_collision_2026-06-02_17-16-42_779.txt
2026-06-02 17:16:54.622 | Battle of Mystery Stain on Couch | card_e2e | battle_mystery_stain_on_couch_2026-06-02_17-16-54_623.txt
2026-06-02 17:17:06.616 | Battle of Garage Sale Treasure Hunt | card_e2e | battle_garage_sale_treasure_hunt_2026-06-02_17-17-06_616.txt
2026-06-02 17:17:18.505 | Battle of Kevin from HR's Potluck | card_e2e | battle_kevin_from_hrs_potluck_2026-06-02_17-17-18_505.txt
2026-06-02 17:17:30.363 | Battle of Parking Lot Seagull | card_e2e | battle_parking_lot_seagull_2026-06-02_17-17-30_363.txt
2026-06-02 17:17:58.291 | Battle of Squirrel Guarding the Acorn | card_e2e | battle_squirrel_guarding_the_acorn_2026-06-02_17-17-58_291.txt
2026-06-02 17:18:09.160 | Battle of PTA Bake Sale Brawl | card_e2e | battle_pta_bake_sale_brawl_2026-06-02_17-18-09_160.txt
2026-06-02 17:18:21.062 | Battle of Windy Day Hair Crisis | card_e2e | battle_windy_day_hair_crisis_2026-06-02_17-18-21_062.txt
2026-06-02 17:20:18.587 | Battle of Wet Jeans Commute | card_e2e | battle_wet_jeans_commute_2026-06-02_17-20-18_587.txt
2026-06-02 17:20:31.455 | Battle of Dust Bunny Kingdom | card_e2e | battle_dust_bunny_kingdom_2026-06-02_17-20-31_455.txt
2026-06-02 17:20:43.379 | Battle of Printer Jam Apocalypse | card_e2e | battle_printer_jam_apocalypse_2026-06-02_17-20-43_379.txt
2026-06-02 17:20:51.090 | Battle of Cable Guy Time Window | card_e2e | battle_cable_guy_time_window_2026-06-02_17-20-51_090.txt
2026-06-02 17:20:59.885 | Battle of Parallel Parking Shame | card_e2e | battle_parallel_parking_shame_2026-06-02_17-20-59_885.txt
2026-06-02 17:21:10.571 | Battle of Windy Day Hair Crisis | card_e2e | battle_windy_day_hair_crisis_2026-06-02_17-21-10_571.txt
2026-06-02 17:21:17.916 | Battle of Block Party Flamingo | card_e2e | battle_block_party_flamingo_2026-06-02_17-21-17_916.txt
2026-06-02 17:21:28.666 | Battle of Spam Folder Adventure | card_e2e | battle_spam_folder_adventure_2026-06-02_17-21-28_666.txt
2026-06-02 17:21:58.097 | Battle of Clippy's Revenge | card_e2e | battle_clippys_revenge_2026-06-02_17-21-58_097.txt
2026-06-02 17:22:50.299 | Battle of The Conference Room Smell | card_e2e | battle_the_conference_room_smell_2026-06-02_17-22-50_299.txt
2026-06-02 17:22:58.014 | Battle of Leftover Pizza Politics | card_e2e | battle_leftover_pizza_politics_2026-06-02_17-22-58_014.txt
2026-06-02 17:23:07.607 | Battle of Spilled Iced Coffee | card_e2e | battle_spilled_iced_coffee_2026-06-02_17-23-07_607.txt
2026-06-02 17:23:14.868 | Battle of Mystery Remote Batteries | card_e2e | battle_mystery_remote_batteries_2026-06-02_17-23-14_868.txt
2026-06-02 17:23:23.599 | Battle of Windshield Bug Stare-Down | card_e2e | battle_windshield_bug_stare_down_2026-06-02_17-23-23_599.txt
2026-06-02 17:23:29.920 | Battle of The Conference Room Smell | card_e2e | battle_the_conference_room_smell_2026-06-02_17-23-29_920.txt
2026-06-02 17:23:35.188 | Battle of Reply All Disaster | card_e2e | battle_reply_all_disaster_2026-06-02_17-23-35_188.txt
2026-06-02 17:23:42.613 | Battle of Grandma Fart | card_e2e | battle_grandma_fart_2026-06-02_17-23-42_613.txt
2026-06-02 17:23:48.024 | Battle of Mystery Stain on Couch | card_e2e | battle_mystery_stain_on_couch_2026-06-02_17-23-48_024.txt
2026-06-02 17:23:55.446 | Battle of Janice's Essential Oils | card_e2e | battle_janices_essential_oils_2026-06-02_17-23-55_446.txt
2026-06-02 17:24:01.853 | Battle of Suburban Sprinkler War | card_e2e | battle_suburban_sprinkler_war_2026-06-02_17-24-01_853.txt
2026-06-02 17:24:07.267 | Battle of Moldy Lunchbox | card_e2e | battle_moldy_lunchbox_2026-06-02_17-24-07_267.txt
2026-06-02 17:24:14.543 | Battle of Slippery Banana Peel Protocol | card_e2e | battle_slippery_banana_peel_protocol_2026-06-02_17-24-14_544.txt
2026-06-02 17:24:20.950 | Battle of Grandma Fart | card_e2e | battle_grandma_fart_2026-06-02_17-24-20_950.txt
2026-06-02 17:24:27.317 | Battle of Janice's Essential Oils | card_e2e | battle_janices_essential_oils_2026-06-02_17-24-27_317.txt
2026-06-02 17:24:33.655 | Battle of Todd's Standing Desk | card_e2e | battle_todds_standing_desk_2026-06-02_17-24-33_655.txt
2026-06-02 17:24:39.938 | Battle of Blue Screen of Serenity | card_e2e | battle_blue_screen_of_serenity_2026-06-02_17-24-39_938.txt
2026-06-02 17:24:45.266 | Battle of WiFi Router Funeral | card_e2e | battle_wifi_router_funeral_2026-06-02_17-24-45_266.txt
2026-06-02 17:24:52.577 | Battle of Neighbor's Leaf Blower | card_e2e | battle_neighbors_leaf_blower_2026-06-02_17-24-52_577.txt
2026-06-02 17:24:58.900 | Battle of New Shoe Blister March | card_e2e | battle_new_shoe_blister_march_2026-06-02_17-24-58_900.txt
2026-06-02 17:25:05.341 | Battle of Slippery Banana Peel Protocol | card_e2e | battle_slippery_banana_peel_protocol_2026-06-02_17-25-05_341.txt
2026-06-02 17:25:11.674 | Battle of Janice's Essential Oils | card_e2e | battle_janices_essential_oils_2026-06-02_17-25-11_674.txt
2026-06-02 17:25:17.056 | Battle of Cable Guy Time Window | card_e2e | battle_cable_guy_time_window_2026-06-02_17-25-17_056.txt
2026-06-02 17:25:24.458 | Battle of PTA Bake Sale Brawl | card_e2e | battle_pta_bake_sale_brawl_2026-06-02_17-25-24_458.txt
2026-06-02 17:25:30.856 | Battle of Mystery Meatloaf | card_e2e | battle_mystery_meatloaf_2026-06-02_17-25-30_856.txt
2026-06-02 17:25:36.269 | Battle of Suburban Sprinkler War | card_e2e | battle_suburban_sprinkler_war_2026-06-02_17-25-36_270.txt
2026-06-02 17:25:43.678 | Battle of Suspicious Meatball | card_e2e | battle_suspicious_meatball_2026-06-02_17-25-43_678.txt
2026-06-02 17:25:49.082 | Battle of Slippery Banana Peel Protocol | card_e2e | battle_slippery_banana_peel_protocol_2026-06-02_17-25-49_082.txt
2026-06-02 17:28:53.868 | Battle of Suburban Sprinkler War | card_e2e | battle_suburban_sprinkler_war_2026-06-02_17-28-53_868.txt
2026-06-02 17:28:58.260 | Battle of Todd's Standing Desk | card_e2e | battle_todds_standing_desk_2026-06-02_17-28-58_260.txt
2026-06-02 17:32:06.164 | Battle of Neighbor's Leaf Blower | card_e2e | battle_neighbors_leaf_blower_2026-06-02_17-32-06_164.txt
2026-06-02 17:36:22.537 | Battle of Silent Elevator Incident | card_e2e | battle_silent_elevator_incident_2026-06-02_17-36-22_537.txt
2026-06-02 17:36:27.038 | Battle of Junk Drawer Charger Hunt | card_e2e | battle_junk_drawer_charger_hunt_2026-06-02_17-36-27_038.txt
2026-06-02 17:36:33.387 | Battle of Spam Folder Adventure | card_e2e | battle_spam_folder_adventure_2026-06-02_17-36-33_387.txt
2026-06-02 17:36:40.372 | Battle of Terms and Conditions Marathon | card_e2e | battle_terms_and_conditions_marathon_2026-06-02_17-36-40_372.txt
2026-06-02 17:36:45.686 | Battle of Silent Elevator Incident | card_e2e | battle_silent_elevator_incident_2026-06-02_17-36-45_686.txt
2026-06-02 17:36:52.634 | Battle of Roundabout Third Exit | card_e2e | battle_roundabout_third_exit_2026-06-02_17-36-52_634.txt
2026-06-02 17:36:59.564 | Battle of Broken Elevator Blues | card_e2e | battle_broken_elevator_blues_2026-06-02_17-36-59_564.txt
2026-06-02 17:40:29.945 | Battle of Discount Lasagna | card_e2e | battle_discount_lasagna_2026-06-02_17-40-29_945.txt
2026-06-02 17:40:35.423 | Battle of Pickle Jar Incident | card_e2e | battle_pickle_jar_incident_2026-06-02_17-40-35_423.txt
2026-06-02 17:40:40.793 | Battle of Neighbor's Leaf Blower | card_e2e | battle_neighbors_leaf_blower_2026-06-02_17-40-40_793.txt
2026-06-02 17:40:45.177 | Battle of Suburban Sprinkler War | card_e2e | battle_suburban_sprinkler_war_2026-06-02_17-40-45_177.txt
2026-06-02 17:43:34.405 | Battle of Roundabout Third Exit | card_e2e | battle_roundabout_third_exit_2026-06-02_17-43-34_405.txt
2026-06-02 17:43:39.803 | Battle of Group Chat Meltdown | card_e2e | battle_group_chat_meltdown_2026-06-02_17-43-39_803.txt
2026-06-02 17:48:18.637 | Battle of Spilled Iced Coffee | card_e2e | battle_spilled_iced_coffee_2026-06-02_17-48-18_637.txt
2026-06-02 17:51:19.905 | Battle of Neighbor's Leaf Blower | card_e2e | battle_neighbors_leaf_blower_2026-06-02_17-51-19_905.txt
2026-06-02 17:54:32.602 | Battle of Janice's Essential Oils | card_e2e | battle_janices_essential_oils_2026-06-02_17-54-32_602.txt
2026-06-02 17:54:39.138 | Battle of Bird Droppings | card_e2e | battle_bird_droppings_2026-06-02_17-54-39_138.txt
2026-06-02 17:58:07.132 | Battle of Cat Hair Tornado | card_e2e | battle_cat_hair_tornado_2026-06-02_17-58-07_132.txt
2026-06-02 17:58:13.496 | Battle of Black Friday Cart Collision | card_e2e | battle_black_friday_cart_collision_2026-06-02_17-58-13_496.txt
2026-06-02 17:58:18.910 | Battle of Low Battery Panic | card_e2e | battle_low_battery_panic_2026-06-02_17-58-18_910.txt
2026-06-02 17:58:24.302 | Battle of Windshield Bug Stare-Down | card_e2e | battle_windshield_bug_stare_down_2026-06-02_17-58-24_302.txt
2026-06-02 17:58:29.730 | Battle of Soggy Cereal Rebellion | card_e2e | battle_soggy_cereal_rebellion_2026-06-02_17-58-29_730.txt
2026-06-02 18:02:25.926 | Battle of Parking Lot Seagull | card_e2e | battle_parking_lot_seagull_2026-06-02_18-02-25_926.txt
2026-06-02 18:02:30.252 | Battle of The Missing Sock | card_e2e | battle_the_missing_sock_2026-06-02_18-02-30_252.txt
2026-06-02 18:05:37.269 | Battle of Suspicious Meatball | card_e2e | battle_suspicious_meatball_2026-06-02_18-05-37_269.txt
2026-06-02 18:05:43.626 | Battle of Neighbor's Leaf Blower | card_e2e | battle_neighbors_leaf_blower_2026-06-02_18-05-43_626.txt
2026-06-02 18:05:48.219 | Battle of Captcha Purgatory | card_e2e | battle_captcha_purgatory_2026-06-02_18-05-48_219.txt
2026-06-02 18:05:54.659 | Battle of Zoom Cat Filter Forever | card_e2e | battle_zoom_cat_filter_forever_2026-06-02_18-05-54_659.txt
2026-06-02 18:09:11.500 | Battle of Notification Avalanche | card_e2e | battle_notification_avalanche_2026-06-02_18-09-11_500.txt
2026-06-02 18:09:16.037 | Battle of Parking Lot Seagull | card_e2e | battle_parking_lot_seagull_2026-06-02_18-09-16_037.txt
2026-06-02 18:09:22.469 | Battle of Basement Spider Negotiation | card_e2e | battle_basement_spider_negotiation_2026-06-02_18-09-22_469.txt
2026-06-02 18:09:27.826 | Battle of Mystery Stain on Couch | card_e2e | battle_mystery_stain_on_couch_2026-06-02_18-09-27_826.txt
